[2025-11-18T13:04:59.664Z] AUTH [LOGIN_SUCCESS] - User: 691a93f439522e29456cd123 (admin@noblestep.com) 
[2025-11-20T06:07:50.335Z] AUTH [LOGIN_SUCCESS] - User: 691a93f439522e29456cd123 (admin@noblestep.com) 
[2025-11-20T09:00:56.427Z] AUTH [LOGIN_SUCCESS] - User: 691a93f439522e29456cd123 (admin@noblestep.com) 
[2025-11-20T12:53:18.849Z] AUTH [LOGIN_SUCCESS] - User: 691a93f439522e29456cd123 (admin@noblestep.com) 
[2025-11-23T00:55:22.805Z] AUTH [LOGIN_SUCCESS] - User: 691a93f439522e29456cd123 (admin@noblestep.com) 
[2025-11-23T02:30:56.732Z] AUTH [LOGIN_SUCCESS] - User: 691a93f439522e29456cd123 (admin@noblestep.com) 
[2025-11-23T04:05:44.749Z] AUTH [REGISTER_SUCCESS] - User: 692288184a5e0c2110776380 (jolorobles@gmail.com) 
[2025-11-23T04:06:03.661Z] AUTH [LOGIN_SUCCESS] - User: 692288184a5e0c2110776380 (jolorobles@gmail.com) 
[2025-11-23T04:10:27.061Z] AUTH [REGISTER_SUCCESS] - User: 692289334a5e0c211077638f (jeffryagustin@gmail.com) 
[2025-11-23T04:10:47.286Z] AUTH [FAILED_LOGIN] - User: UNKNOWN (jeffagustin@gmail.com) Invalid credentials
[2025-11-23T04:10:57.466Z] AUTH [LOGIN_SUCCESS] - User: 692289334a5e0c211077638f (jeffryagustin@gmail.com) 
[2025-11-23T04:32:16.624Z] AUTH [REGISTER_SUCCESS] - User: 69228e504a5e0c21107763b2 (paulodelacruz@gmail.com) 
[2025-11-23T04:32:39.701Z] AUTH [LOGIN_SUCCESS] - User: 69228e504a5e0c21107763b2 (paulodelacruz@gmail.com) 
[2025-11-23T04:36:10.631Z] AUTH [LOGIN_SUCCESS] - User: 692289334a5e0c211077638f (jeffryagustin@gmail.com) 
[2025-11-23T04:37:40.568Z] AUTH [LOGIN_SUCCESS] - User: 692288184a5e0c2110776380 (jolorobles@gmail.com) 
[2025-11-23T04:39:13.678Z] AUTH [LOGIN_SUCCESS] - User: 691a93f439522e29456cd123 (admin@noblestep.com) 
[2025-11-23T04:40:09.234Z] AUTH [LOGIN_SUCCESS] - User: 692288184a5e0c2110776380 (jolorobles@gmail.com) 
[2025-11-23T04:40:30.267Z] AUTH [LOGIN_SUCCESS] - User: 691a93f439522e29456cd123 (admin@noblestep.com) 
[2025-11-23T04:46:47.624Z] AUTH [LOGIN_SUCCESS] - User: 691a93f439522e29456cd123 (admin@noblestep.com) 
[2025-11-23T09:26:41.222Z] AUTH [LOGIN_SUCCESS] - User: 692288184a5e0c2110776380 (jolorobles@gmail.com) 
[2025-11-23T09:40:51.868Z] AUTH [LOGIN_SUCCESS] - User: 691a93f439522e29456cd123 (admin@noblestep.com) 
[2025-11-23T09:49:46.548Z] AUTH [LOGIN_SUCCESS] - User: 692288184a5e0c2110776380 (jolorobles@gmail.com) 
[2025-11-23T09:51:31.554Z] AUTH [LOGIN_SUCCESS] - User: 691a93f439522e29456cd123 (admin@noblestep.com) 
[2025-11-23T10:40:40.168Z] AUTH [LOGIN_SUCCESS] - User: 691a93f439522e29456cd123 (admin@noblestep.com) 
[2025-11-23T10:44:18.520Z] AUTH [LOGIN_SUCCESS] - User: 692288184a5e0c2110776380 (jolorobles@gmail.com) 
[2025-11-23T10:53:40.941Z] AUTH [LOGIN_SUCCESS] - User: 691a93f439522e29456cd123 (admin@noblestep.com) 
[2025-11-23T11:00:54.506Z] AUTH [LOGIN_SUCCESS] - User: 691a93f439522e29456cd123 (admin@noblestep.com) 
[2025-11-23T11:05:45.124Z] AUTH [LOGIN_SUCCESS] - User: 691a93f439522e29456cd123 (admin@noblestep.com) 
[2025-11-23T11:08:26.410Z] AUTH [LOGIN_SUCCESS] - User: 691a93f439522e29456cd123 (admin@noblestep.com) 
[2025-11-23T11:51:22.384Z] AUTH [LOGIN_SUCCESS] - User: 692288184a5e0c2110776380 (jolorobles@gmail.com) 
[2025-11-23T11:51:40.204Z] AUTH [FAILED_LOGIN] - User: UNKNOWN (jolorobles@gmail.com) Invalid credentials
[2025-11-23T11:51:49.935Z] AUTH [FAILED_LOGIN] - User: UNKNOWN (jolorobles@gmail.com) Invalid credentials
[2025-11-23T11:52:19.231Z] AUTH [LOGIN_SUCCESS] - User: 692288184a5e0c2110776380 (jolorobles@gmail.com) 
[2025-11-23T11:52:32.927Z] AUTH [FAILED_LOGIN] - User: UNKNOWN (jolorobles@gmail.com) Invalid credentials
[2025-11-23T11:52:38.503Z] AUTH [FAILED_LOGIN] - User: UNKNOWN (jolorobles@gmail.co) Invalid credentials
[2025-11-23T11:52:39.681Z] AUTH [FAILED_LOGIN] - User: UNKNOWN (jolorobles@gmail.co) Invalid credentials
[2025-11-23T11:53:42.457Z] AUTH [FAILED_LOGIN] - User: UNKNOWN (jolorobles@gmail.com) Invalid credentials
[2025-11-23T11:53:57.993Z] AUTH [LOGIN_SUCCESS] - User: 692288184a5e0c2110776380 (jolorobles@gmail.com) 
[2025-11-23T11:55:12.717Z] AUTH [LOGIN_SUCCESS] - User: 692288184a5e0c2110776380 (jolorobles@gmail.com) 
[2025-11-23T12:55:10.447Z] AUTH [FAILED_LOGIN] - User: UNKNOWN (admin@noblestep.com) Invalid credentials
[2025-11-23T12:56:52.804Z] AUTH [FAILED_LOGIN] - User: UNKNOWN (admin@noblestep.com) Invalid credentials
[2025-11-23T12:56:53.924Z] AUTH [FAILED_LOGIN] - User: UNKNOWN (admin@noblestep.com) Invalid credentials
[2025-11-23T12:57:03.721Z] AUTH [FAILED_LOGIN] - User: UNKNOWN (admin@noblestep.com) Invalid credentials
[2025-11-23T13:00:58.659Z] AUTH [FAILED_LOGIN] - User: UNKNOWN (admin@noblestep.com) Invalid credentials
[2025-11-23T13:04:27.274Z] AUTH [LOGIN_SUCCESS] - User: 691a93f439522e29456cd123 (admin@noblestep.com) 
[2025-11-23T13:04:42.047Z] AUTH [LOGIN_SUCCESS] - User: 692288184a5e0c2110776380 (jolorobles@gmail.com) 
