[2025-11-18T13:04:59.695Z] GET /api/cart - Status: 401 - Duration: 1ms
[2025-11-20T02:49:51.805Z] GET /cart - Status: 404 - Duration: 2ms
[2025-11-20T02:49:51.810Z] GET /products - Status: 404 - Duration: 0ms
[2025-11-20T02:49:51.812Z] GET /products - Status: 404 - Duration: 1ms
[2025-11-20T02:49:51.813Z] GET /cart - Status: 404 - Duration: 0ms
[2025-11-20T02:57:23.297Z] GET /cart - Status: 404 - Duration: 0ms
[2025-11-20T02:57:23.300Z] GET /cart - Status: 404 - Duration: 1ms
[2025-11-20T02:57:23.301Z] GET /products - Status: 404 - Duration: 0ms
[2025-11-20T02:57:23.303Z] GET /products - Status: 404 - Duration: 1ms
[2025-11-20T02:57:28.492Z] GET /cart - Status: 404 - Duration: 0ms
[2025-11-20T02:57:28.495Z] GET /cart - Status: 404 - Duration: 1ms
[2025-11-20T02:57:28.496Z] GET /products - Status: 404 - Duration: 0ms
[2025-11-20T02:57:28.498Z] GET /products - Status: 404 - Duration: 1ms
[2025-11-20T02:57:29.317Z] GET /cart - Status: 404 - Duration: 0ms
[2025-11-20T02:57:29.319Z] GET /cart - Status: 404 - Duration: 0ms
[2025-11-20T02:57:29.321Z] GET /products - Status: 404 - Duration: 1ms
[2025-11-20T02:57:29.322Z] GET /products - Status: 404 - Duration: 0ms
[2025-11-20T02:57:29.858Z] GET /cart - Status: 404 - Duration: 0ms
[2025-11-20T02:57:29.862Z] GET /cart - Status: 404 - Duration: 0ms
[2025-11-20T02:57:29.863Z] GET /products - Status: 404 - Duration: 0ms
[2025-11-20T02:57:29.865Z] GET /products - Status: 404 - Duration: 0ms
[2025-11-20T02:57:30.089Z] GET /cart - Status: 404 - Duration: 1ms
[2025-11-20T02:57:30.091Z] GET /cart - Status: 404 - Duration: 0ms
[2025-11-20T02:57:30.093Z] GET /products - Status: 404 - Duration: 1ms
[2025-11-20T02:57:30.094Z] GET /products - Status: 404 - Duration: 0ms
[2025-11-20T02:57:30.277Z] GET /cart - Status: 404 - Duration: 0ms
[2025-11-20T02:57:30.279Z] GET /cart - Status: 404 - Duration: 1ms
[2025-11-20T02:57:30.280Z] GET /products - Status: 404 - Duration: 0ms
[2025-11-20T02:57:30.281Z] GET /products - Status: 404 - Duration: 0ms
[2025-11-20T02:57:30.466Z] GET /cart - Status: 404 - Duration: 1ms
[2025-11-20T02:57:30.468Z] GET /cart - Status: 404 - Duration: 1ms
[2025-11-20T02:57:30.469Z] GET /products - Status: 404 - Duration: 0ms
[2025-11-20T02:57:30.470Z] GET /products - Status: 404 - Duration: 0ms
[2025-11-20T02:57:30.631Z] GET /cart - Status: 404 - Duration: 1ms
[2025-11-20T02:57:30.633Z] GET /cart - Status: 404 - Duration: 0ms
[2025-11-20T02:57:30.635Z] GET /products - Status: 404 - Duration: 1ms
[2025-11-20T02:57:30.636Z] GET /products - Status: 404 - Duration: 0ms
[2025-11-20T02:57:30.809Z] GET /cart - Status: 404 - Duration: 1ms
[2025-11-20T02:57:30.811Z] GET /cart - Status: 404 - Duration: 1ms
[2025-11-20T02:57:30.812Z] GET /products - Status: 404 - Duration: 0ms
[2025-11-20T02:57:30.813Z] GET /products - Status: 404 - Duration: 0ms
[2025-11-20T02:57:30.982Z] GET /cart - Status: 404 - Duration: 0ms
[2025-11-20T02:57:30.983Z] GET /cart - Status: 404 - Duration: 0ms
[2025-11-20T02:57:30.985Z] GET /products - Status: 404 - Duration: 1ms
[2025-11-20T02:57:30.986Z] GET /products - Status: 404 - Duration: 1ms
[2025-11-20T02:57:31.258Z] GET /cart - Status: 404 - Duration: 0ms
[2025-11-20T02:57:31.260Z] GET /cart - Status: 404 - Duration: 0ms
[2025-11-20T02:57:31.262Z] GET /products - Status: 404 - Duration: 0ms
[2025-11-20T02:57:31.264Z] GET /products - Status: 404 - Duration: 0ms
[2025-11-20T02:57:31.434Z] GET /cart - Status: 404 - Duration: 1ms
[2025-11-20T02:57:31.436Z] GET /cart - Status: 404 - Duration: 1ms
[2025-11-20T02:57:31.437Z] GET /products - Status: 404 - Duration: 0ms
[2025-11-20T02:57:31.438Z] GET /products - Status: 404 - Duration: 0ms
[2025-11-20T02:57:31.597Z] GET /cart - Status: 404 - Duration: 1ms
[2025-11-20T02:57:31.599Z] GET /cart - Status: 404 - Duration: 1ms
[2025-11-20T02:57:31.600Z] GET /products - Status: 404 - Duration: 0ms
[2025-11-20T02:57:31.602Z] GET /products - Status: 404 - Duration: 1ms
[2025-11-20T03:08:02.858Z] GET /cart - Status: 404 - Duration: 0ms
[2025-11-20T03:08:02.859Z] GET /cart - Status: 404 - Duration: 0ms
[2025-11-20T03:19:10.856Z] GET /cart - Status: 404 - Duration: 0ms
[2025-11-20T03:19:10.858Z] GET /cart - Status: 404 - Duration: 1ms
[2025-11-20T03:21:03.353Z] POST /products - Status: 404 - Duration: 0ms
[2025-11-20T03:21:08.954Z] POST /products - Status: 404 - Duration: 0ms
[2025-11-20T03:21:20.211Z] POST /products - Status: 404 - Duration: 0ms
[2025-11-20T03:21:27.956Z] GET /cart - Status: 404 - Duration: 0ms
[2025-11-20T03:21:27.958Z] GET /cart - Status: 404 - Duration: 1ms
[2025-11-20T03:21:27.960Z] GET /products - Status: 404 - Duration: 1ms
[2025-11-20T03:21:27.962Z] GET /products - Status: 404 - Duration: 1ms
[2025-11-20T03:22:33.332Z] GET /cart - Status: 404 - Duration: 0ms
[2025-11-20T03:22:33.334Z] GET /products - Status: 404 - Duration: 1ms
[2025-11-20T03:22:33.336Z] GET /cart - Status: 404 - Duration: 1ms
[2025-11-20T03:22:33.337Z] GET /products - Status: 404 - Duration: 0ms
[2025-11-20T03:23:13.718Z] GET /cart - Status: 404 - Duration: 3ms
[2025-11-20T03:23:13.722Z] GET /products - Status: 404 - Duration: 1ms
[2025-11-20T03:23:13.725Z] GET /products - Status: 404 - Duration: 1ms
[2025-11-20T03:23:13.727Z] GET /cart - Status: 404 - Duration: 0ms
[2025-11-20T03:23:34.234Z] GET /products - Status: 404 - Duration: 1ms
[2025-11-20T03:23:34.237Z] GET /products - Status: 404 - Duration: 1ms
[2025-11-20T03:29:31.497Z] GET /products - Status: 404 - Duration: 1ms
[2025-11-20T03:29:31.498Z] GET /products - Status: 404 - Duration: 0ms
[2025-11-20T03:29:39.156Z] GET /products - Status: 404 - Duration: 1ms
[2025-11-20T03:29:39.158Z] GET /products - Status: 404 - Duration: 0ms
[2025-11-20T04:55:49.951Z] GET /products - Status: 404 - Duration: 1ms
[2025-11-20T04:55:49.953Z] GET /products - Status: 404 - Duration: 1ms
[2025-11-20T06:01:06.875Z] POST /users/login - Status: 404 - Duration: 20ms
[2025-11-20T06:01:43.137Z] POST /users/login - Status: 404 - Duration: 14ms
[2025-11-20T06:04:15.543Z] GET /products - Status: 404 - Duration: 5ms
[2025-11-20T06:04:15.545Z] GET /products - Status: 404 - Duration: 0ms
[2025-11-20T06:04:25.874Z] POST /users/login - Status: 404 - Duration: 12ms
[2025-11-20T06:33:41.356Z] POST /api/cart - Status: 400 - Duration: 43ms
[2025-11-20T06:40:32.970Z] POST /api/cart - Status: 400 - Duration: 34ms
[2025-11-20T06:43:55.192Z] POST /api/cart - Status: 400 - Duration: 32ms
[2025-11-20T06:44:04.130Z] POST /api/cart - Status: 400 - Duration: 32ms
[2025-11-20T06:53:02.397Z] POST /api/cart - Status: 400 - Duration: 32ms
[2025-11-20T06:53:19.293Z] POST /api/cart - Status: 400 - Duration: 32ms
[2025-11-20T06:53:54.348Z] POST /api/cart - Status: 400 - Duration: 41ms
[2025-11-20T06:53:58.445Z] POST /api/cart - Status: 400 - Duration: 32ms
[2025-11-20T06:54:08.552Z] POST /api/cart - Status: 400 - Duration: 32ms
[2025-11-20T06:54:21.527Z] POST /api/cart - Status: 400 - Duration: 31ms
[2025-11-20T07:53:35.020Z] PUT /api/users/profile - Status: 500 - Duration: 63ms
[2025-11-20T07:54:00.715Z] PUT /api/users/profile - Status: 500 - Duration: 61ms
[2025-11-20T08:29:55.812Z] PUT /api/users/profile - Status: 400 - Duration: 73ms
[2025-11-20T08:29:59.934Z] PUT /api/users/profile - Status: 400 - Duration: 62ms
[2025-11-20T08:35:05.506Z] PUT /api/users/profile - Status: 400 - Duration: 61ms
[2025-11-20T08:35:06.275Z] PUT /api/users/profile - Status: 400 - Duration: 60ms
[2025-11-20T08:35:06.444Z] PUT /api/users/profile - Status: 400 - Duration: 60ms
[2025-11-20T08:35:06.619Z] PUT /api/users/profile - Status: 400 - Duration: 60ms
[2025-11-20T08:35:06.780Z] PUT /api/users/profile - Status: 400 - Duration: 60ms
[2025-11-20T08:35:48.577Z] PUT /api/users/profile - Status: 400 - Duration: 61ms
[2025-11-20T08:57:33.435Z] PUT /api/users/profile - Status: 400 - Duration: 61ms
[2025-11-20T08:59:22.216Z] PUT /api/users/profile - Status: 400 - Duration: 59ms
[2025-11-20T08:59:32.560Z] PUT /api/users/profile - Status: 400 - Duration: 60ms
[2025-11-20T09:02:23.704Z] POST /api/orders - Status: 400 - Duration: 62ms
[2025-11-20T09:02:27.757Z] POST /api/orders - Status: 400 - Duration: 61ms
[2025-11-20T09:02:27.916Z] POST /api/orders - Status: 400 - Duration: 61ms
[2025-11-20T09:02:41.703Z] POST /api/orders - Status: 400 - Duration: 61ms
[2025-11-20T09:02:50.223Z] POST /api/orders - Status: 400 - Duration: 61ms
[2025-11-20T09:18:04.424Z] POST /api/orders - Status: 400 - Duration: 1344ms
[2025-11-20T09:21:20.520Z] POST /api/orders - Status: 400 - Duration: 1997ms
[2025-11-20T09:30:31.167Z] POST /api/orders - Status: 400 - Duration: 1673ms
[2025-11-20T09:30:35.544Z] POST /api/orders - Status: 400 - Duration: 1884ms
[2025-11-20T09:30:52.585Z] POST /api/orders - Status: 400 - Duration: 2151ms
[2025-11-20T09:31:25.567Z] POST /api/orders - Status: 400 - Duration: 61ms
[2025-11-20T09:31:43.183Z] POST /api/orders - Status: 400 - Duration: 2037ms
[2025-11-20T09:33:09.159Z] POST /api/orders - Status: 400 - Duration: 2032ms
[2025-11-20T09:34:48.790Z] POST /api/orders - Status: 500 - Duration: 1185ms
[2025-11-23T00:55:32.914Z] POST /api/cart - Status: 404 - Duration: 70ms
[2025-11-23T00:55:47.506Z] POST /api/cart - Status: 404 - Duration: 70ms
[2025-11-23T01:27:43.071Z] GET /api/reviews/recent?limit=3 - Status: 404 - Duration: 0ms
[2025-11-23T01:27:43.073Z] GET /api/reviews/recent?limit=3 - Status: 404 - Duration: 0ms
[2025-11-23T01:29:42.792Z] GET /api/reviews/recent?limit=3 - Status: 404 - Duration: 1ms
[2025-11-23T01:29:42.793Z] GET /api/reviews/recent?limit=3 - Status: 404 - Duration: 0ms
[2025-11-23T01:30:07.805Z] GET /api/reviews/recent?limit=3 - Status: 404 - Duration: 1ms
[2025-11-23T01:30:07.808Z] GET /api/reviews/recent?limit=3 - Status: 404 - Duration: 0ms
[2025-11-23T01:36:45.772Z] GET /api/reviews/recent?limit=3 - Status: 404 - Duration: 1ms
[2025-11-23T01:36:45.774Z] GET /api/reviews/recent?limit=3 - Status: 404 - Duration: 1ms
[2025-11-23T01:37:48.459Z] GET /api/reviews/recent?limit=3 - Status: 404 - Duration: 1ms
[2025-11-23T01:37:48.461Z] GET /api/reviews/recent?limit=3 - Status: 404 - Duration: 1ms
[2025-11-23T01:40:52.922Z] GET /api/reviews/recent?limit=3 - Status: 404 - Duration: 1ms
[2025-11-23T01:40:52.924Z] GET /api/reviews/recent?limit=3 - Status: 404 - Duration: 1ms
[2025-11-23T01:41:55.743Z] GET /api/reviews/recent?limit=3 - Status: 404 - Duration: 0ms
[2025-11-23T01:41:55.745Z] GET /api/reviews/recent?limit=3 - Status: 404 - Duration: 0ms
[2025-11-23T01:45:02.957Z] GET /api/reviews/recent?limit=3 - Status: 404 - Duration: 1ms
[2025-11-23T01:45:02.959Z] GET /api/reviews/recent?limit=3 - Status: 404 - Duration: 1ms
[2025-11-23T01:56:07.918Z] GET /api/reviews/recent?limit=3 - Status: 404 - Duration: 1ms
[2025-11-23T01:56:07.920Z] GET /api/reviews/recent?limit=3 - Status: 404 - Duration: 1ms
[2025-11-23T01:56:14.618Z] GET /api/reviews/recent?limit=3 - Status: 404 - Duration: 0ms
[2025-11-23T01:56:14.620Z] GET /api/reviews/recent?limit=3 - Status: 404 - Duration: 0ms
[2025-11-23T02:04:55.335Z] GET /api/reviews/recent?limit=3 - Status: 404 - Duration: 1ms
[2025-11-23T02:04:55.336Z] GET /api/reviews/recent?limit=3 - Status: 404 - Duration: 0ms
[2025-11-23T02:09:13.073Z] GET /api/reviews/recent?limit=3 - Status: 404 - Duration: 1ms
[2025-11-23T02:09:13.078Z] GET /api/reviews/recent?limit=3 - Status: 404 - Duration: 1ms
[2025-11-23T02:19:08.183Z] GET /api/reviews/recent?limit=3 - Status: 404 - Duration: 1ms
[2025-11-23T02:19:08.185Z] GET /api/reviews/recent?limit=3 - Status: 404 - Duration: 1ms
[2025-11-23T02:25:01.341Z] GET /api/reviews/recent?limit=3 - Status: 404 - Duration: 1ms
[2025-11-23T02:25:01.342Z] GET /api/reviews/recent?limit=3 - Status: 404 - Duration: 0ms
[2025-11-23T02:25:07.761Z] GET /api/reviews/recent?limit=3 - Status: 404 - Duration: 0ms
[2025-11-23T02:25:07.763Z] GET /api/reviews/recent?limit=3 - Status: 404 - Duration: 1ms
[2025-11-23T02:25:09.239Z] GET /api/reviews/recent?limit=3 - Status: 404 - Duration: 1ms
[2025-11-23T02:25:09.241Z] GET /api/reviews/recent?limit=3 - Status: 404 - Duration: 1ms
[2025-11-23T02:25:30.887Z] GET /api/reviews/recent?limit=3 - Status: 404 - Duration: 0ms
[2025-11-23T02:25:30.889Z] GET /api/reviews/recent?limit=3 - Status: 404 - Duration: 1ms
[2025-11-23T02:26:01.609Z] GET /api/reviews/recent?limit=3 - Status: 404 - Duration: 1ms
[2025-11-23T02:26:01.611Z] GET /api/reviews/recent?limit=3 - Status: 404 - Duration: 1ms
[2025-11-23T02:27:06.916Z] GET /api/reviews/recent?limit=3 - Status: 404 - Duration: 0ms
[2025-11-23T02:27:06.918Z] GET /api/reviews/recent?limit=3 - Status: 404 - Duration: 1ms
[2025-11-23T02:27:16.430Z] GET /api/reviews/recent?limit=3 - Status: 404 - Duration: 1ms
[2025-11-23T02:27:16.431Z] GET /api/reviews/recent?limit=3 - Status: 404 - Duration: 0ms
[2025-11-23T02:31:22.535Z] GET /api/reviews/recent?limit=3 - Status: 404 - Duration: 1ms
[2025-11-23T02:31:22.537Z] GET /api/reviews/recent?limit=3 - Status: 404 - Duration: 1ms
[2025-11-23T02:31:24.501Z] GET /api/reviews/recent?limit=3 - Status: 404 - Duration: 1ms
[2025-11-23T02:31:24.502Z] GET /api/reviews/recent?limit=3 - Status: 404 - Duration: 0ms
[2025-11-23T02:31:25.435Z] GET /api/reviews/recent?limit=3 - Status: 404 - Duration: 0ms
[2025-11-23T02:31:25.437Z] GET /api/reviews/recent?limit=3 - Status: 404 - Duration: 1ms
[2025-11-23T02:31:29.097Z] GET /api/reviews/recent?limit=3 - Status: 404 - Duration: 1ms
[2025-11-23T02:31:29.100Z] GET /api/reviews/recent?limit=3 - Status: 404 - Duration: 0ms
[2025-11-23T02:47:21.445Z] PUT /api/orders/692275994a5e0c21107762f1/status - Status: 500 - Duration: 71ms
[2025-11-23T02:47:27.973Z] PUT /api/orders/692275994a5e0c21107762f1/status - Status: 500 - Duration: 71ms
[2025-11-23T02:47:29.481Z] PUT /api/orders/692275994a5e0c21107762f1/status - Status: 500 - Duration: 76ms
[2025-11-23T02:48:03.256Z] GET /api/reviews/recent?limit=3 - Status: 404 - Duration: 1ms
[2025-11-23T02:48:03.258Z] GET /api/reviews/recent?limit=3 - Status: 404 - Duration: 1ms
[2025-11-23T02:53:08.396Z] GET /api/reviews/recent?limit=3 - Status: 404 - Duration: 0ms
[2025-11-23T02:53:08.399Z] GET /api/reviews/recent?limit=3 - Status: 404 - Duration: 1ms
[2025-11-23T02:55:11.021Z] GET /api/uploads/shoes/classic-oxford-loafers-1.jpg - Status: 404 - Duration: 1ms
[2025-11-23T02:55:11.023Z] GET /api/uploads/shoes/classic-oxford-loafers-2.jpg - Status: 404 - Duration: 1ms
[2025-11-23T02:55:24.910Z] GET /api/reviews/recent?limit=3 - Status: 404 - Duration: 1ms
[2025-11-23T02:55:24.912Z] GET /api/reviews/recent?limit=3 - Status: 404 - Duration: 1ms
[2025-11-23T02:55:38.542Z] GET /api/reviews/recent?limit=3 - Status: 404 - Duration: 0ms
[2025-11-23T02:55:38.544Z] GET /api/reviews/recent?limit=3 - Status: 404 - Duration: 1ms
[2025-11-23T03:05:13.736Z] GET /api/reviews/recent?limit=3 - Status: 404 - Duration: 0ms
[2025-11-23T03:05:13.738Z] GET /api/reviews/recent?limit=3 - Status: 404 - Duration: 0ms
[2025-11-23T03:57:25.927Z] GET /api/reviews/recent?limit=3 - Status: 404 - Duration: 1ms
[2025-11-23T03:57:25.932Z] GET /api/reviews/recent?limit=3 - Status: 404 - Duration: 1ms
[2025-11-23T04:00:39.103Z] GET /api/reviews/recent?limit=3 - Status: 404 - Duration: 1ms
[2025-11-23T04:00:39.104Z] GET /api/reviews/recent?limit=3 - Status: 404 - Duration: 0ms
[2025-11-23T04:01:23.971Z] GET /api/reviews/recent?limit=3 - Status: 404 - Duration: 0ms
[2025-11-23T04:01:23.973Z] GET /api/reviews/recent?limit=3 - Status: 404 - Duration: 1ms
[2025-11-23T04:02:12.267Z] POST /api/users/register - Status: 400 - Duration: 2ms
[2025-11-23T04:02:17.433Z] POST /api/users/register - Status: 400 - Duration: 1ms
[2025-11-23T04:02:23.322Z] POST /api/users/register - Status: 400 - Duration: 1ms
[2025-11-23T04:02:40.195Z] POST /api/users/register - Status: 400 - Duration: 1ms
[2025-11-23T04:03:05.417Z] POST /api/users/register - Status: 400 - Duration: 1ms
[2025-11-23T04:03:06.131Z] POST /api/users/register - Status: 400 - Duration: 1ms
[2025-11-23T04:05:13.916Z] GET /api/reviews/recent?limit=3 - Status: 404 - Duration: 1ms
[2025-11-23T04:05:13.918Z] GET /api/reviews/recent?limit=3 - Status: 404 - Duration: 0ms
[2025-11-23T04:09:30.163Z] GET /api/reviews/recent?limit=3 - Status: 404 - Duration: 1ms
[2025-11-23T04:09:30.164Z] GET /api/reviews/recent?limit=3 - Status: 404 - Duration: 0ms
[2025-11-23T04:10:47.287Z] POST /api/users/login - Status: 401 - Duration: 36ms
[2025-11-23T04:11:35.072Z] GET /api/reviews/recent?limit=3 - Status: 404 - Duration: 1ms
[2025-11-23T04:11:35.073Z] GET /api/reviews/recent?limit=3 - Status: 404 - Duration: 0ms
[2025-11-23T04:12:22.794Z] GET /api/reviews/recent?limit=3 - Status: 404 - Duration: 1ms
[2025-11-23T04:12:22.796Z] GET /api/reviews/recent?limit=3 - Status: 404 - Duration: 0ms
[2025-11-23T04:12:28.132Z] GET /api/reviews/recent?limit=3 - Status: 404 - Duration: 0ms
[2025-11-23T04:12:28.134Z] GET /api/reviews/recent?limit=3 - Status: 404 - Duration: 1ms
[2025-11-23T04:12:36.359Z] GET /api/reviews/recent?limit=3 - Status: 404 - Duration: 1ms
[2025-11-23T04:12:36.361Z] GET /api/reviews/recent?limit=3 - Status: 404 - Duration: 1ms
[2025-11-23T04:14:13.766Z] GET /api/reviews/recent?limit=3 - Status: 404 - Duration: 1ms
[2025-11-23T04:14:13.767Z] GET /api/reviews/recent?limit=3 - Status: 404 - Duration: 0ms
[2025-11-23T04:14:24.157Z] GET /api/reviews/recent?limit=3 - Status: 404 - Duration: 1ms
[2025-11-23T04:14:24.159Z] GET /api/reviews/recent?limit=3 - Status: 404 - Duration: 1ms
[2025-11-23T04:14:43.726Z] GET /api/reviews/recent?limit=3 - Status: 404 - Duration: 0ms
[2025-11-23T04:14:43.728Z] GET /api/reviews/recent?limit=3 - Status: 404 - Duration: 1ms
[2025-11-23T04:31:22.001Z] GET /api/reviews/recent?limit=3 - Status: 404 - Duration: 1ms
[2025-11-23T04:31:22.003Z] GET /api/reviews/recent?limit=3 - Status: 404 - Duration: 1ms
[2025-11-23T04:31:37.427Z] GET /api/reviews/recent?limit=3 - Status: 404 - Duration: 1ms
[2025-11-23T04:31:37.428Z] GET /api/reviews/recent?limit=3 - Status: 404 - Duration: 0ms
[2025-11-23T04:35:28.265Z] GET /api/reviews/recent?limit=3 - Status: 404 - Duration: 0ms
[2025-11-23T04:35:28.267Z] GET /api/reviews/recent?limit=3 - Status: 404 - Duration: 1ms
[2025-11-23T04:35:44.158Z] GET /api/reviews/recent?limit=3 - Status: 404 - Duration: 1ms
[2025-11-23T04:35:44.160Z] GET /api/reviews/recent?limit=3 - Status: 404 - Duration: 1ms
[2025-11-23T04:37:18.929Z] GET /api/reviews/recent?limit=3 - Status: 404 - Duration: 0ms
[2025-11-23T04:37:18.931Z] GET /api/reviews/recent?limit=3 - Status: 404 - Duration: 0ms
[2025-11-23T04:38:58.851Z] GET /api/reviews/recent?limit=3 - Status: 404 - Duration: 1ms
[2025-11-23T04:38:58.852Z] GET /api/reviews/recent?limit=3 - Status: 404 - Duration: 1ms
[2025-11-23T04:39:03.237Z] GET /api/reviews/recent?limit=3 - Status: 404 - Duration: 1ms
[2025-11-23T04:39:03.238Z] GET /api/reviews/recent?limit=3 - Status: 404 - Duration: 0ms
[2025-11-23T04:39:52.290Z] GET /api/reviews/recent?limit=3 - Status: 404 - Duration: 0ms
[2025-11-23T04:39:52.291Z] GET /api/reviews/recent?limit=3 - Status: 404 - Duration: 0ms
[2025-11-23T04:40:16.218Z] GET /api/reviews/recent?limit=3 - Status: 404 - Duration: 1ms
[2025-11-23T04:40:16.219Z] GET /api/reviews/recent?limit=3 - Status: 404 - Duration: 1ms
[2025-11-23T04:44:42.130Z] PUT /api/orders/69228fd84a5e0c21107764c4/status - Status: 500 - Duration: 71ms
[2025-11-23T04:44:52.337Z] GET /api/reviews/recent?limit=3 - Status: 404 - Duration: 1ms
[2025-11-23T04:44:52.339Z] GET /api/reviews/recent?limit=3 - Status: 404 - Duration: 1ms
[2025-11-23T04:45:53.471Z] PUT /api/orders/692275994a5e0c21107762f1/status - Status: 500 - Duration: 72ms
[2025-11-23T04:46:08.509Z] GET /api/reviews/recent?limit=3 - Status: 404 - Duration: 1ms
[2025-11-23T04:46:08.511Z] GET /api/reviews/recent?limit=3 - Status: 404 - Duration: 1ms
[2025-11-23T04:46:25.046Z] GET /api/reviews/recent?limit=3 - Status: 404 - Duration: 0ms
[2025-11-23T04:46:25.048Z] GET /api/reviews/recent?limit=3 - Status: 404 - Duration: 1ms
[2025-11-23T05:40:53.691Z] GET /api/reviews/recent?limit=3 - Status: 404 - Duration: 1ms
[2025-11-23T05:40:53.694Z] GET /api/reviews/recent?limit=3 - Status: 404 - Duration: 1ms
[2025-11-23T05:41:46.016Z] GET /api/reviews/recent?limit=3 - Status: 404 - Duration: 1ms
[2025-11-23T05:41:46.017Z] GET /api/reviews/recent?limit=3 - Status: 404 - Duration: 0ms
[2025-11-23T05:42:19.099Z] GET /api/reviews/recent?limit=3 - Status: 404 - Duration: 1ms
[2025-11-23T05:42:19.100Z] GET /api/reviews/recent?limit=3 - Status: 404 - Duration: 0ms
[2025-11-23T05:44:51.082Z] GET /api/reviews/recent?limit=3 - Status: 404 - Duration: 1ms
[2025-11-23T05:44:51.083Z] GET /api/reviews/recent?limit=3 - Status: 404 - Duration: 0ms
[2025-11-23T05:46:00.518Z] GET /api/reviews/recent?limit=3 - Status: 404 - Duration: 0ms
[2025-11-23T05:46:00.520Z] GET /api/reviews/recent?limit=3 - Status: 404 - Duration: 0ms
[2025-11-23T05:47:56.307Z] GET /api/reviews/recent?limit=3 - Status: 404 - Duration: 1ms
[2025-11-23T05:47:56.308Z] GET /api/reviews/recent?limit=3 - Status: 404 - Duration: 1ms
[2025-11-23T05:48:02.996Z] GET /api/reviews/recent?limit=3 - Status: 404 - Duration: 1ms
[2025-11-23T05:48:02.998Z] GET /api/reviews/recent?limit=3 - Status: 404 - Duration: 1ms
[2025-11-23T05:49:12.202Z] GET /api/reviews/recent?limit=3 - Status: 404 - Duration: 1ms
[2025-11-23T05:49:12.203Z] GET /api/reviews/recent?limit=3 - Status: 404 - Duration: 0ms
[2025-11-23T05:49:32.880Z] GET /api/reviews/recent?limit=3 - Status: 404 - Duration: 1ms
[2025-11-23T05:49:32.884Z] GET /api/reviews/recent?limit=3 - Status: 404 - Duration: 1ms
[2025-11-23T05:49:55.901Z] GET /api/reviews/recent?limit=3 - Status: 404 - Duration: 0ms
[2025-11-23T05:49:55.905Z] GET /api/reviews/recent?limit=3 - Status: 404 - Duration: 0ms
[2025-11-23T05:51:08.003Z] GET /api/reviews/recent?limit=3 - Status: 404 - Duration: 1ms
[2025-11-23T05:51:08.006Z] GET /api/reviews/recent?limit=3 - Status: 404 - Duration: 1ms
[2025-11-23T05:53:34.765Z] GET /api/reviews/recent?limit=3 - Status: 404 - Duration: 0ms
[2025-11-23T05:53:34.767Z] GET /api/reviews/recent?limit=3 - Status: 404 - Duration: 1ms
[2025-11-23T05:57:50.863Z] GET /api/reviews/recent?limit=3 - Status: 404 - Duration: 1ms
[2025-11-23T05:57:50.864Z] GET /api/reviews/recent?limit=3 - Status: 404 - Duration: 0ms
[2025-11-23T06:01:46.410Z] GET /api/reviews/recent?limit=3 - Status: 404 - Duration: 1ms
[2025-11-23T06:01:46.411Z] GET /api/reviews/recent?limit=3 - Status: 404 - Duration: 0ms
[2025-11-23T06:02:58.504Z] GET /api/reviews/recent?limit=3 - Status: 404 - Duration: 1ms
[2025-11-23T06:02:58.506Z] GET /api/reviews/recent?limit=3 - Status: 404 - Duration: 1ms
[2025-11-23T06:03:01.965Z] GET /api/reviews/recent?limit=3 - Status: 404 - Duration: 0ms
[2025-11-23T06:03:01.966Z] GET /api/reviews/recent?limit=3 - Status: 404 - Duration: 0ms
[2025-11-23T06:03:04.398Z] GET /api/reviews/recent?limit=3 - Status: 404 - Duration: 0ms
[2025-11-23T06:03:04.399Z] GET /api/reviews/recent?limit=3 - Status: 404 - Duration: 0ms
[2025-11-23T06:03:08.329Z] GET /api/reviews/recent?limit=3 - Status: 404 - Duration: 0ms
[2025-11-23T06:03:08.332Z] GET /api/reviews/recent?limit=3 - Status: 404 - Duration: 1ms
[2025-11-23T06:10:11.696Z] GET /api/reviews/recent?limit=3 - Status: 404 - Duration: 1ms
[2025-11-23T06:10:11.698Z] GET /api/reviews/recent?limit=3 - Status: 404 - Duration: 1ms
[2025-11-23T06:10:15.026Z] GET /api/reviews/recent?limit=3 - Status: 404 - Duration: 0ms
[2025-11-23T06:10:15.028Z] GET /api/reviews/recent?limit=3 - Status: 404 - Duration: 1ms
[2025-11-23T06:16:54.319Z] GET /api/reviews/recent?limit=3 - Status: 404 - Duration: 1ms
[2025-11-23T06:16:54.321Z] GET /api/reviews/recent?limit=3 - Status: 404 - Duration: 1ms
[2025-11-23T06:16:58.005Z] GET /api/reviews/recent?limit=3 - Status: 404 - Duration: 0ms
[2025-11-23T06:16:58.007Z] GET /api/reviews/recent?limit=3 - Status: 404 - Duration: 1ms
[2025-11-23T06:17:12.236Z] GET /api/reviews/recent?limit=3 - Status: 404 - Duration: 1ms
[2025-11-23T06:17:12.238Z] GET /api/reviews/recent?limit=3 - Status: 404 - Duration: 1ms
[2025-11-23T06:19:36.272Z] GET /api/reviews/recent?limit=3 - Status: 404 - Duration: 0ms
[2025-11-23T06:19:36.273Z] GET /api/reviews/recent?limit=3 - Status: 404 - Duration: 0ms
[2025-11-23T06:37:33.392Z] PUT /api/orders/69228fd84a5e0c21107764c4/status - Status: 500 - Duration: 87ms
[2025-11-23T06:37:41.793Z] PUT /api/orders/69228fd84a5e0c21107764c4/status - Status: 500 - Duration: 71ms
[2025-11-23T06:45:18.303Z] PUT /api/orders/69228fd84a5e0c21107764c4/status - Status: 500 - Duration: 72ms
[2025-11-23T07:44:25.969Z] POST /api/products - Status: 400 - Duration: 69ms
[2025-11-23T07:44:28.905Z] POST /api/products - Status: 400 - Duration: 64ms
[2025-11-23T07:44:31.152Z] POST /api/products - Status: 400 - Duration: 61ms
[2025-11-23T07:45:46.268Z] POST /api/products - Status: 400 - Duration: 62ms
[2025-11-23T07:46:32.152Z] POST /api/products - Status: 400 - Duration: 63ms
[2025-11-23T07:47:51.108Z] POST /api/products - Status: 400 - Duration: 63ms
[2025-11-23T07:48:11.303Z] POST /api/products - Status: 400 - Duration: 63ms
[2025-11-23T07:48:16.930Z] POST /api/products - Status: 400 - Duration: 61ms
[2025-11-23T07:48:38.125Z] POST /api/products - Status: 400 - Duration: 62ms
[2025-11-23T07:48:52.445Z] POST /api/products - Status: 400 - Duration: 61ms
[2025-11-23T07:50:18.203Z] POST /api/products - Status: 400 - Duration: 61ms
[2025-11-23T07:50:31.936Z] POST /api/products - Status: 400 - Duration: 65ms
[2025-11-23T07:50:48.412Z] POST /api/products - Status: 400 - Duration: 61ms
[2025-11-23T07:50:59.957Z] POST /api/products - Status: 400 - Duration: 62ms
[2025-11-23T08:00:47.510Z] POST /api/products - Status: 400 - Duration: 73ms
[2025-11-23T08:02:08.774Z] POST /api/products - Status: 400 - Duration: 68ms
[2025-11-23T08:03:50.169Z] POST /api/products - Status: 400 - Duration: 67ms
[2025-11-23T08:03:53.287Z] POST /api/products - Status: 400 - Duration: 67ms
[2025-11-23T08:04:02.456Z] POST /api/products - Status: 400 - Duration: 66ms
[2025-11-23T08:05:24.062Z] POST /api/products - Status: 400 - Duration: 74ms
[2025-11-23T08:06:17.757Z] GET /api/uploads/shoes/loafers1-1.jpg - Status: 404 - Duration: 1ms
[2025-11-23T08:06:17.759Z] GET /api/uploads/shoes/loafers1-2.jpg - Status: 404 - Duration: 1ms
[2025-11-23T08:06:22.656Z] PUT /api/products/692279855bc8d2cb663e25cf - Status: 400 - Duration: 67ms
[2025-11-23T08:11:20.647Z] GET /api/uploads/shoes/derby1-1.jpg - Status: 404 - Duration: 1ms
[2025-11-23T08:11:20.650Z] GET /api/uploads/shoes/derby1-2.jpg - Status: 404 - Duration: 1ms
[2025-11-23T08:11:23.680Z] PUT /api/products/692279855bc8d2cb663e25d0 - Status: 400 - Duration: 68ms
[2025-11-23T08:11:28.041Z] GET /api/uploads/shoes/oxford1-1.jpg - Status: 404 - Duration: 1ms
[2025-11-23T08:11:28.043Z] GET /api/uploads/shoes/oxford1-2.jpg - Status: 404 - Duration: 0ms
[2025-11-23T08:11:31.218Z] PUT /api/products/692279855bc8d2cb663e25d1 - Status: 400 - Duration: 63ms
[2025-11-23T08:11:45.126Z] POST /api/products - Status: 400 - Duration: 72ms
[2025-11-23T08:12:51.169Z] GET /api/uploads/shoes/derby1-1.jpg - Status: 404 - Duration: 1ms
[2025-11-23T08:12:51.171Z] GET /api/uploads/shoes/derby1-2.jpg - Status: 404 - Duration: 0ms
[2025-11-23T08:12:54.394Z] PUT /api/products/692279855bc8d2cb663e25d0 - Status: 400 - Duration: 65ms
[2025-11-23T08:14:29.418Z] GET /api/uploads/shoes/derby1-1.jpg - Status: 404 - Duration: 1ms
[2025-11-23T08:14:29.420Z] GET /api/uploads/shoes/derby1-2.jpg - Status: 404 - Duration: 1ms
[2025-11-23T08:14:32.358Z] PUT /api/products/692279855bc8d2cb663e25d0 - Status: 400 - Duration: 65ms
[2025-11-23T08:14:40.581Z] PUT /api/products/692279855bc8d2cb663e25d0 - Status: 400 - Duration: 63ms
[2025-11-23T08:15:50.838Z] GET /api/uploads/shoes/derby1-1.jpg - Status: 404 - Duration: 1ms
[2025-11-23T08:15:50.840Z] GET /api/uploads/shoes/derby1-2.jpg - Status: 404 - Duration: 1ms
[2025-11-23T08:15:54.909Z] PUT /api/products/692279855bc8d2cb663e25d0 - Status: 400 - Duration: 36ms
[2025-11-23T08:16:41.720Z] GET /api/uploads/shoes/derby1-1.jpg - Status: 404 - Duration: 1ms
[2025-11-23T08:16:41.723Z] GET /api/uploads/shoes/derby1-2.jpg - Status: 404 - Duration: 1ms
[2025-11-23T08:24:19.723Z] GET /api/uploads/shoes/derby1-1.jpg - Status: 404 - Duration: 1ms
[2025-11-23T08:24:19.725Z] GET /api/uploads/shoes/derby1-2.jpg - Status: 404 - Duration: 0ms
[2025-11-23T08:24:29.156Z] GET /api/uploads/shoes/oxford1-1.jpg - Status: 404 - Duration: 1ms
[2025-11-23T08:24:29.159Z] GET /api/uploads/shoes/oxford1-2.jpg - Status: 404 - Duration: 1ms
[2025-11-23T08:24:37.773Z] GET /api/uploads/shoes/derby1-1.jpg - Status: 404 - Duration: 1ms
[2025-11-23T08:24:37.775Z] GET /api/uploads/shoes/derby1-2.jpg - Status: 404 - Duration: 1ms
[2025-11-23T08:25:00.656Z] GET /api/uploads/shoes/derby1-1.jpg - Status: 404 - Duration: 1ms
[2025-11-23T08:25:00.661Z] GET /api/uploads/shoes/derby1-2.jpg - Status: 404 - Duration: 1ms
[2025-11-23T08:25:00.663Z] GET /api/uploads/products/ballet1-1-1763886285350-831013322.png - Status: 404 - Duration: 1ms
[2025-11-23T08:25:26.698Z] GET /api/uploads/shoes/derby1-1.jpg - Status: 404 - Duration: 1ms
[2025-11-23T08:25:26.700Z] GET /api/uploads/shoes/derby1-2.jpg - Status: 404 - Duration: 0ms
[2025-11-23T08:27:52.145Z] GET /api/uploads/shoes/derby1-1.jpg - Status: 404 - Duration: 2ms
[2025-11-23T08:27:52.147Z] GET /api/uploads/shoes/derby1-2.jpg - Status: 404 - Duration: 1ms
[2025-11-23T08:27:52.149Z] GET /api/uploads/products/ballet1-1.png - Status: 404 - Duration: 1ms
[2025-11-23T08:37:04.319Z] GET /api/uploads/shoes/derby1-1.jpg - Status: 404 - Duration: 1ms
[2025-11-23T08:37:04.322Z] GET /api/uploads/shoes/oxford1-1.jpg - Status: 404 - Duration: 1ms
[2025-11-23T08:37:04.324Z] GET /api/uploads/shoes/monk1-1.jpg - Status: 404 - Duration: 1ms
[2025-11-23T08:37:04.327Z] GET /api/uploads/shoes/heels1-1.jpg - Status: 404 - Duration: 1ms
[2025-11-23T08:37:04.330Z] GET /api/uploads/shoes/pumps1-1.jpg - Status: 404 - Duration: 1ms
[2025-11-23T08:37:04.332Z] GET /api/uploads/shoes/ballet1-1.jpg - Status: 404 - Duration: 1ms
[2025-11-23T08:37:04.336Z] GET /api/uploads/shoes/loafers2-1.jpg - Status: 404 - Duration: 1ms
[2025-11-23T08:37:04.338Z] GET /api/uploads/shoes/derby2-1.jpg - Status: 404 - Duration: 1ms
[2025-11-23T08:37:04.339Z] GET /api/uploads/shoes/oxford2-1.jpg - Status: 404 - Duration: 0ms
[2025-11-23T08:37:04.342Z] GET /api/uploads/shoes/monk2-1.jpg - Status: 404 - Duration: 1ms
[2025-11-23T08:37:04.344Z] GET /api/uploads/shoes/heels2-1.jpg - Status: 404 - Duration: 1ms
[2025-11-23T08:37:04.346Z] GET /api/uploads/shoes/pumps2-1.jpg - Status: 404 - Duration: 1ms
[2025-11-23T08:37:04.352Z] GET /api/uploads/shoes/ballet2-1.jpg - Status: 404 - Duration: 1ms
[2025-11-23T08:37:04.355Z] GET /api/uploads/shoes/loafers3-1.jpg - Status: 404 - Duration: 1ms
[2025-11-23T08:37:04.357Z] GET /api/uploads/shoes/derby1-1.jpg - Status: 404 - Duration: 1ms
[2025-11-23T08:37:04.359Z] GET /api/uploads/shoes/derby3-1.jpg - Status: 404 - Duration: 2ms
[2025-11-23T08:37:04.363Z] GET /api/uploads/shoes/oxford3-1.jpg - Status: 404 - Duration: 1ms
[2025-11-23T08:37:04.367Z] GET /api/uploads/shoes/monk3-1.jpg - Status: 404 - Duration: 1ms
[2025-11-23T08:37:04.372Z] GET /api/uploads/shoes/heels3-1.jpg - Status: 404 - Duration: 1ms
[2025-11-23T08:37:04.374Z] GET /api/uploads/shoes/oxford1-1.jpg - Status: 404 - Duration: 1ms
[2025-11-23T08:37:04.377Z] GET /api/uploads/shoes/monk1-1.jpg - Status: 404 - Duration: 1ms
[2025-11-23T08:37:04.379Z] GET /api/uploads/shoes/pumps3-1.jpg - Status: 404 - Duration: 1ms
[2025-11-23T08:37:04.380Z] GET /api/uploads/shoes/classic-oxford-loafers-1.jpg - Status: 404 - Duration: 0ms
[2025-11-23T08:37:05.790Z] GET /api/uploads/shoes/derby1-1.jpg - Status: 404 - Duration: 0ms
[2025-11-23T08:37:05.793Z] GET /api/uploads/shoes/derby1-2.jpg - Status: 404 - Duration: 1ms
[2025-11-23T08:37:05.794Z] GET /api/uploads/shoes/ballet1-1.png - Status: 404 - Duration: 0ms
[2025-11-23T08:37:48.934Z] GET /api/uploads/shoes/classic-oxford-loafers-1.jpg - Status: 404 - Duration: 1ms
[2025-11-23T08:37:48.936Z] GET /api/uploads/shoes/oxford3-1.jpg - Status: 404 - Duration: 0ms
[2025-11-23T08:37:48.937Z] GET /api/uploads/shoes/monk2-1.jpg - Status: 404 - Duration: 0ms
[2025-11-23T08:38:54.045Z] GET /api/uploads/shoes/classic-oxford-loafers-1.jpg - Status: 404 - Duration: 1ms
[2025-11-23T08:38:54.048Z] GET /api/uploads/shoes/oxford3-1.jpg - Status: 404 - Duration: 1ms
[2025-11-23T08:38:54.049Z] GET /api/uploads/shoes/monk2-1.jpg - Status: 404 - Duration: 0ms
[2025-11-23T08:38:58.602Z] GET /api/uploads/shoes/derby1-1.jpg - Status: 404 - Duration: 1ms
[2025-11-23T08:38:58.606Z] GET /api/uploads/shoes/oxford1-1.jpg - Status: 404 - Duration: 3ms
[2025-11-23T08:38:58.608Z] GET /api/uploads/shoes/monk1-1.jpg - Status: 404 - Duration: 1ms
[2025-11-23T08:38:58.610Z] GET /api/uploads/shoes/heels1-1.jpg - Status: 404 - Duration: 1ms
[2025-11-23T08:38:58.611Z] GET /api/uploads/shoes/pumps1-1.jpg - Status: 404 - Duration: 0ms
[2025-11-23T08:38:58.615Z] GET /api/uploads/shoes/ballet1-1.jpg - Status: 404 - Duration: 1ms
[2025-11-23T08:38:58.617Z] GET /api/uploads/shoes/loafers2-1.jpg - Status: 404 - Duration: 1ms
[2025-11-23T08:38:58.619Z] GET /api/uploads/shoes/derby2-1.jpg - Status: 404 - Duration: 1ms
[2025-11-23T08:38:58.620Z] GET /api/uploads/shoes/oxford2-1.jpg - Status: 404 - Duration: 0ms
[2025-11-23T08:38:58.622Z] GET /api/uploads/shoes/monk2-1.jpg - Status: 404 - Duration: 1ms
[2025-11-23T08:38:58.624Z] GET /api/uploads/shoes/heels2-1.jpg - Status: 404 - Duration: 1ms
[2025-11-23T08:38:58.626Z] GET /api/uploads/shoes/pumps2-1.jpg - Status: 404 - Duration: 1ms
[2025-11-23T08:39:03.744Z] GET /api/uploads/shoes/derby1-1.jpg - Status: 404 - Duration: 0ms
[2025-11-23T08:39:03.747Z] GET /api/uploads/shoes/oxford1-1.jpg - Status: 404 - Duration: 1ms
[2025-11-23T08:39:03.748Z] GET /api/uploads/shoes/monk1-1.jpg - Status: 404 - Duration: 0ms
[2025-11-23T08:39:03.750Z] GET /api/uploads/shoes/heels1-1.jpg - Status: 404 - Duration: 1ms
[2025-11-23T08:39:03.751Z] GET /api/uploads/shoes/pumps1-1.jpg - Status: 404 - Duration: 0ms
[2025-11-23T08:39:03.755Z] GET /api/uploads/shoes/ballet1-1.jpg - Status: 404 - Duration: 1ms
[2025-11-23T08:39:03.757Z] GET /api/uploads/shoes/loafers2-1.jpg - Status: 404 - Duration: 1ms
[2025-11-23T08:39:03.758Z] GET /api/uploads/shoes/derby2-1.jpg - Status: 404 - Duration: 0ms
[2025-11-23T08:39:03.760Z] GET /api/uploads/shoes/oxford2-1.jpg - Status: 404 - Duration: 0ms
[2025-11-23T08:39:03.762Z] GET /api/uploads/shoes/monk2-1.jpg - Status: 404 - Duration: 1ms
[2025-11-23T08:39:03.763Z] GET /api/uploads/shoes/heels2-1.jpg - Status: 404 - Duration: 0ms
[2025-11-23T08:39:03.768Z] GET /api/uploads/shoes/derby1-1.jpg - Status: 404 - Duration: 2ms
[2025-11-23T08:39:03.770Z] GET /api/uploads/shoes/pumps2-1.jpg - Status: 404 - Duration: 1ms
[2025-11-23T08:39:03.773Z] GET /api/uploads/shoes/ballet2-1.jpg - Status: 404 - Duration: 1ms
[2025-11-23T08:39:03.775Z] GET /api/uploads/shoes/loafers3-1.jpg - Status: 404 - Duration: 1ms
[2025-11-23T08:39:03.777Z] GET /api/uploads/shoes/derby3-1.jpg - Status: 404 - Duration: 1ms
[2025-11-23T08:39:03.779Z] GET /api/uploads/shoes/oxford3-1.jpg - Status: 404 - Duration: 1ms
[2025-11-23T08:39:03.782Z] GET /api/uploads/shoes/monk3-1.jpg - Status: 404 - Duration: 1ms
[2025-11-23T08:39:03.784Z] GET /api/uploads/shoes/heels3-1.jpg - Status: 404 - Duration: 1ms
[2025-11-23T08:39:03.785Z] GET /api/uploads/shoes/pumps3-1.jpg - Status: 404 - Duration: 0ms
[2025-11-23T08:39:03.786Z] GET /api/uploads/shoes/classic-oxford-loafers-1.jpg - Status: 404 - Duration: 0ms
[2025-11-23T08:39:06.617Z] GET /api/uploads/shoes/derby1-1.jpg - Status: 404 - Duration: 0ms
[2025-11-23T08:39:06.619Z] GET /api/uploads/shoes/derby1-2.jpg - Status: 404 - Duration: 0ms
[2025-11-23T08:39:20.443Z] GET /api/uploads/shoes/classic-oxford-loafers-1.jpg - Status: 404 - Duration: 0ms
[2025-11-23T08:39:20.445Z] GET /api/uploads/shoes/oxford3-1.jpg - Status: 404 - Duration: 0ms
[2025-11-23T08:39:20.446Z] GET /api/uploads/shoes/monk2-1.jpg - Status: 404 - Duration: 0ms
[2025-11-23T08:39:21.012Z] GET /api/uploads/shoes/derby1-1.jpg - Status: 404 - Duration: 1ms
[2025-11-23T08:39:21.014Z] GET /api/uploads/shoes/oxford1-1.jpg - Status: 404 - Duration: 1ms
[2025-11-23T08:39:21.015Z] GET /api/uploads/shoes/monk1-1.jpg - Status: 404 - Duration: 0ms
[2025-11-23T08:39:21.017Z] GET /api/uploads/shoes/heels1-1.jpg - Status: 404 - Duration: 1ms
[2025-11-23T08:39:21.019Z] GET /api/uploads/shoes/pumps1-1.jpg - Status: 404 - Duration: 1ms
[2025-11-23T08:39:21.020Z] GET /api/uploads/shoes/ballet1-1.jpg - Status: 404 - Duration: 1ms
[2025-11-23T08:39:21.022Z] GET /api/uploads/shoes/loafers2-1.jpg - Status: 404 - Duration: 1ms
[2025-11-23T08:39:21.023Z] GET /api/uploads/shoes/derby2-1.jpg - Status: 404 - Duration: 0ms
[2025-11-23T08:39:21.025Z] GET /api/uploads/shoes/oxford2-1.jpg - Status: 404 - Duration: 1ms
[2025-11-23T08:39:21.029Z] GET /api/uploads/shoes/monk2-1.jpg - Status: 404 - Duration: 1ms
[2025-11-23T08:39:21.031Z] GET /api/uploads/shoes/heels2-1.jpg - Status: 404 - Duration: 1ms
[2025-11-23T08:39:21.032Z] GET /api/uploads/shoes/pumps2-1.jpg - Status: 404 - Duration: 1ms
[2025-11-23T08:39:21.684Z] GET /api/uploads/shoes/derby1-1.jpg - Status: 404 - Duration: 1ms
[2025-11-23T08:39:21.685Z] GET /api/uploads/shoes/derby1-2.jpg - Status: 404 - Duration: 0ms
[2025-11-23T08:39:21.687Z] GET /api/uploads/shoes/derby2-3.jpg - Status: 404 - Duration: 1ms
[2025-11-23T08:39:22.764Z] GET /api/uploads/shoes/derby2-3.jpg - Status: 404 - Duration: 1ms
[2025-11-23T08:40:54.732Z] GET /api/uploads/shoes/derby1-1.jpg - Status: 404 - Duration: 0ms
[2025-11-23T08:40:54.734Z] GET /api/uploads/shoes/derby1-2.jpg - Status: 404 - Duration: 0ms
[2025-11-23T08:40:54.736Z] GET /api/uploads/shoes/derby2-3.jpg - Status: 404 - Duration: 1ms
[2025-11-23T08:45:02.461Z] GET /api/uploads/shoes/derby1-1.jpg - Status: 404 - Duration: 1ms
[2025-11-23T08:45:02.462Z] GET /api/uploads/shoes/derby1-2.jpg - Status: 404 - Duration: 0ms
[2025-11-23T08:45:02.464Z] GET /api/uploads/shoes/derby2-3.jpg - Status: 404 - Duration: 1ms
[2025-11-23T08:45:08.587Z] GET /api/uploads/shoes/derby1-1.jpg - Status: 404 - Duration: 1ms
[2025-11-23T08:45:08.588Z] GET /api/uploads/shoes/oxford1-1.jpg - Status: 404 - Duration: 0ms
[2025-11-23T08:45:08.590Z] GET /api/uploads/shoes/monk1-1.jpg - Status: 404 - Duration: 1ms
[2025-11-23T08:45:08.594Z] GET /api/uploads/shoes/heels1-1.jpg - Status: 404 - Duration: 2ms
[2025-11-23T08:45:08.598Z] GET /api/uploads/shoes/pumps1-1.jpg - Status: 404 - Duration: 1ms
[2025-11-23T08:45:08.599Z] GET /api/uploads/shoes/ballet1-1.jpg - Status: 404 - Duration: 0ms
[2025-11-23T08:45:08.601Z] GET /api/uploads/shoes/loafers2-1.jpg - Status: 404 - Duration: 0ms
[2025-11-23T08:45:08.603Z] GET /api/uploads/shoes/derby2-1.jpg - Status: 404 - Duration: 1ms
[2025-11-23T08:45:08.604Z] GET /api/uploads/shoes/oxford2-1.jpg - Status: 404 - Duration: 0ms
[2025-11-23T08:45:08.608Z] GET /api/uploads/shoes/monk2-1.jpg - Status: 404 - Duration: 1ms
[2025-11-23T08:45:08.609Z] GET /api/uploads/shoes/heels2-1.jpg - Status: 404 - Duration: 0ms
[2025-11-23T08:45:08.611Z] GET /api/uploads/shoes/pumps2-1.jpg - Status: 404 - Duration: 1ms
[2025-11-23T08:45:08.612Z] GET /api/uploads/shoes/ballet2-1.jpg - Status: 404 - Duration: 0ms
[2025-11-23T08:45:08.614Z] GET /api/uploads/shoes/loafers3-1.jpg - Status: 404 - Duration: 1ms
[2025-11-23T08:45:08.616Z] GET /api/uploads/shoes/derby3-1.jpg - Status: 404 - Duration: 1ms
[2025-11-23T08:45:08.620Z] GET /api/uploads/shoes/derby1-1.jpg - Status: 404 - Duration: 1ms
[2025-11-23T08:45:08.622Z] GET /api/uploads/shoes/oxford1-1.jpg - Status: 404 - Duration: 1ms
[2025-11-23T08:45:08.624Z] GET /api/uploads/shoes/oxford3-1.jpg - Status: 404 - Duration: 1ms
[2025-11-23T08:45:08.625Z] GET /api/uploads/shoes/monk3-1.jpg - Status: 404 - Duration: 0ms
[2025-11-23T08:45:08.626Z] GET /api/uploads/shoes/heels3-1.jpg - Status: 404 - Duration: 0ms
[2025-11-23T08:45:08.628Z] GET /api/uploads/shoes/pumps3-1.jpg - Status: 404 - Duration: 1ms
[2025-11-23T08:45:08.629Z] GET /api/uploads/shoes/classic-oxford-loafers-1.jpg - Status: 404 - Duration: 0ms
[2025-11-23T08:45:10.408Z] GET /api/uploads/shoes/derby1-1.jpg - Status: 404 - Duration: 0ms
[2025-11-23T08:45:10.410Z] GET /api/uploads/shoes/derby1-2.jpg - Status: 404 - Duration: 1ms
[2025-11-23T08:45:10.412Z] GET /api/uploads/shoes/derby2-3.jpg - Status: 404 - Duration: 1ms
[2025-11-23T08:45:25.619Z] GET /api/uploads/shoes/classic-oxford-loafers-1.jpg - Status: 404 - Duration: 1ms
[2025-11-23T08:45:25.621Z] GET /api/uploads/shoes/oxford3-1.jpg - Status: 404 - Duration: 1ms
[2025-11-23T08:45:25.622Z] GET /api/uploads/shoes/monk2-1.jpg - Status: 404 - Duration: 1ms
[2025-11-23T08:45:27.070Z] GET /api/uploads/shoes/derby1-1.jpg - Status: 404 - Duration: 1ms
[2025-11-23T08:45:27.072Z] GET /api/uploads/shoes/oxford1-1.jpg - Status: 404 - Duration: 1ms
[2025-11-23T08:45:27.075Z] GET /api/uploads/shoes/monk1-1.jpg - Status: 404 - Duration: 1ms
[2025-11-23T08:45:27.076Z] GET /api/uploads/shoes/heels1-1.jpg - Status: 404 - Duration: 0ms
[2025-11-23T08:45:27.079Z] GET /api/uploads/shoes/pumps1-1.jpg - Status: 404 - Duration: 1ms
[2025-11-23T08:45:27.080Z] GET /api/uploads/shoes/ballet1-1.jpg - Status: 404 - Duration: 0ms
[2025-11-23T08:45:27.082Z] GET /api/uploads/shoes/loafers2-1.jpg - Status: 404 - Duration: 0ms
[2025-11-23T08:45:27.084Z] GET /api/uploads/shoes/derby2-1.jpg - Status: 404 - Duration: 1ms
[2025-11-23T08:45:27.085Z] GET /api/uploads/shoes/oxford2-1.jpg - Status: 404 - Duration: 0ms
[2025-11-23T08:45:27.087Z] GET /api/uploads/shoes/monk2-1.jpg - Status: 404 - Duration: 0ms
[2025-11-23T08:45:27.089Z] GET /api/uploads/shoes/heels2-1.jpg - Status: 404 - Duration: 1ms
[2025-11-23T08:45:27.090Z] GET /api/uploads/shoes/pumps2-1.jpg - Status: 404 - Duration: 0ms
[2025-11-23T08:45:28.055Z] GET /api/uploads/shoes/derby1-1.jpg - Status: 404 - Duration: 0ms
[2025-11-23T08:45:28.057Z] GET /api/uploads/shoes/derby1-2.jpg - Status: 404 - Duration: 0ms
[2025-11-23T08:45:28.058Z] GET /api/uploads/shoes/derby1-3.jpg - Status: 404 - Duration: 0ms
[2025-11-23T08:45:28.933Z] GET /api/uploads/shoes/derby1-3.jpg - Status: 404 - Duration: 0ms
[2025-11-23T08:55:20.030Z] GET /api/uploads/shoes/derby1-1.jpg - Status: 404 - Duration: 1ms
[2025-11-23T08:55:20.032Z] GET /api/uploads/shoes/oxford1-1.jpg - Status: 404 - Duration: 1ms
[2025-11-23T08:55:20.033Z] GET /api/uploads/shoes/monk1-1.jpg - Status: 404 - Duration: 0ms
[2025-11-23T08:55:20.035Z] GET /api/uploads/shoes/heels1-1.jpg - Status: 404 - Duration: 0ms
[2025-11-23T08:55:20.037Z] GET /api/uploads/shoes/pumps1-1.jpg - Status: 404 - Duration: 1ms
[2025-11-23T08:55:20.039Z] GET /api/uploads/shoes/ballet1-1.jpg - Status: 404 - Duration: 0ms
[2025-11-23T08:55:20.041Z] GET /api/uploads/shoes/loafers2-1.jpg - Status: 404 - Duration: 1ms
[2025-11-23T08:55:20.042Z] GET /api/uploads/shoes/derby2-1.jpg - Status: 404 - Duration: 0ms
[2025-11-23T08:55:20.044Z] GET /api/uploads/shoes/oxford2-1.jpg - Status: 404 - Duration: 1ms
[2025-11-23T08:55:20.047Z] GET /api/uploads/shoes/monk2-1.jpg - Status: 404 - Duration: 0ms
[2025-11-23T08:55:20.049Z] GET /api/uploads/shoes/heels2-1.jpg - Status: 404 - Duration: 1ms
[2025-11-23T08:55:20.050Z] GET /api/uploads/shoes/pumps2-1.jpg - Status: 404 - Duration: 0ms
[2025-11-23T08:55:20.052Z] GET /api/uploads/shoes/ballet2-1.jpg - Status: 404 - Duration: 1ms
[2025-11-23T08:55:20.053Z] GET /api/uploads/shoes/loafers3-1.jpg - Status: 404 - Duration: 1ms
[2025-11-23T08:55:20.055Z] GET /api/uploads/shoes/derby3-1.jpg - Status: 404 - Duration: 0ms
[2025-11-23T08:55:20.060Z] GET /api/uploads/shoes/oxford3-1.jpg - Status: 404 - Duration: 1ms
[2025-11-23T08:55:20.062Z] GET /api/uploads/shoes/monk3-1.jpg - Status: 404 - Duration: 1ms
[2025-11-23T08:55:20.063Z] GET /api/uploads/shoes/derby1-1.jpg - Status: 404 - Duration: 0ms
[2025-11-23T08:55:20.065Z] GET /api/uploads/shoes/heels3-1.jpg - Status: 404 - Duration: 1ms
[2025-11-23T08:55:20.066Z] GET /api/uploads/shoes/pumps3-1.jpg - Status: 404 - Duration: 1ms
[2025-11-23T08:55:20.067Z] GET /api/uploads/shoes/classic-oxford-loafers-1.jpg - Status: 404 - Duration: 0ms
[2025-11-23T08:55:20.069Z] GET /api/uploads/shoes/oxford1-1.jpg - Status: 404 - Duration: 0ms
[2025-11-23T08:55:21.475Z] GET /api/uploads/shoes/derby1-1.jpg - Status: 404 - Duration: 1ms
[2025-11-23T08:55:21.477Z] GET /api/uploads/shoes/oxford1-1.jpg - Status: 404 - Duration: 1ms
[2025-11-23T08:55:21.478Z] GET /api/uploads/shoes/monk1-1.jpg - Status: 404 - Duration: 0ms
[2025-11-23T08:55:21.481Z] GET /api/uploads/shoes/heels1-1.jpg - Status: 404 - Duration: 1ms
[2025-11-23T08:55:21.483Z] GET /api/uploads/shoes/pumps1-1.jpg - Status: 404 - Duration: 0ms
[2025-11-23T08:55:21.484Z] GET /api/uploads/shoes/ballet1-1.jpg - Status: 404 - Duration: 1ms
[2025-11-23T08:55:21.486Z] GET /api/uploads/shoes/loafers2-1.jpg - Status: 404 - Duration: 1ms
[2025-11-23T08:55:21.490Z] GET /api/uploads/shoes/derby2-1.jpg - Status: 404 - Duration: 2ms
[2025-11-23T08:55:21.492Z] GET /api/uploads/shoes/oxford2-1.jpg - Status: 404 - Duration: 1ms
[2025-11-23T08:55:21.495Z] GET /api/uploads/shoes/monk2-1.jpg - Status: 404 - Duration: 1ms
[2025-11-23T08:55:21.498Z] GET /api/uploads/shoes/heels2-1.jpg - Status: 404 - Duration: 1ms
[2025-11-23T08:55:21.500Z] GET /api/uploads/shoes/pumps2-1.jpg - Status: 404 - Duration: 1ms
[2025-11-23T08:55:21.501Z] GET /api/uploads/shoes/ballet2-1.jpg - Status: 404 - Duration: 0ms
[2025-11-23T08:55:21.504Z] GET /api/uploads/shoes/loafers3-1.jpg - Status: 404 - Duration: 2ms
[2025-11-23T08:55:21.506Z] GET /api/uploads/shoes/derby3-1.jpg - Status: 404 - Duration: 0ms
[2025-11-23T08:55:21.510Z] GET /api/uploads/shoes/oxford3-1.jpg - Status: 404 - Duration: 1ms
[2025-11-23T08:55:21.511Z] GET /api/uploads/shoes/monk3-1.jpg - Status: 404 - Duration: 0ms
[2025-11-23T08:55:21.513Z] GET /api/uploads/shoes/heels3-1.jpg - Status: 404 - Duration: 1ms
[2025-11-23T08:55:21.514Z] GET /api/uploads/shoes/pumps3-1.jpg - Status: 404 - Duration: 0ms
[2025-11-23T08:55:21.516Z] GET /api/uploads/shoes/classic-oxford-loafers-1.jpg - Status: 404 - Duration: 1ms
[2025-11-23T08:55:21.661Z] GET /api/uploads/shoes/derby1-1.jpg - Status: 404 - Duration: 0ms
[2025-11-23T08:55:21.663Z] GET /api/uploads/shoes/oxford1-1.jpg - Status: 404 - Duration: 1ms
[2025-11-23T08:55:21.665Z] GET /api/uploads/shoes/monk1-1.jpg - Status: 404 - Duration: 1ms
[2025-11-23T08:55:21.666Z] GET /api/uploads/shoes/heels1-1.jpg - Status: 404 - Duration: 1ms
[2025-11-23T08:55:21.668Z] GET /api/uploads/shoes/pumps1-1.jpg - Status: 404 - Duration: 1ms
[2025-11-23T08:55:21.669Z] GET /api/uploads/shoes/ballet1-1.jpg - Status: 404 - Duration: 1ms
[2025-11-23T08:55:21.671Z] GET /api/uploads/shoes/loafers2-1.jpg - Status: 404 - Duration: 1ms
[2025-11-23T08:55:21.672Z] GET /api/uploads/shoes/derby2-1.jpg - Status: 404 - Duration: 0ms
[2025-11-23T08:55:21.676Z] GET /api/uploads/shoes/oxford2-1.jpg - Status: 404 - Duration: 1ms
[2025-11-23T08:55:21.677Z] GET /api/uploads/shoes/monk2-1.jpg - Status: 404 - Duration: 0ms
[2025-11-23T08:55:21.680Z] GET /api/uploads/shoes/heels2-1.jpg - Status: 404 - Duration: 1ms
[2025-11-23T08:55:21.682Z] GET /api/uploads/shoes/pumps2-1.jpg - Status: 404 - Duration: 1ms
[2025-11-23T08:55:21.685Z] GET /api/uploads/shoes/ballet2-1.jpg - Status: 404 - Duration: 2ms
[2025-11-23T08:55:21.687Z] GET /api/uploads/shoes/loafers3-1.jpg - Status: 404 - Duration: 1ms
[2025-11-23T08:55:21.691Z] GET /api/uploads/shoes/derby3-1.jpg - Status: 404 - Duration: 1ms
[2025-11-23T08:55:21.693Z] GET /api/uploads/shoes/oxford3-1.jpg - Status: 404 - Duration: 1ms
[2025-11-23T08:55:21.694Z] GET /api/uploads/shoes/monk3-1.jpg - Status: 404 - Duration: 1ms
[2025-11-23T08:55:21.695Z] GET /api/uploads/shoes/heels3-1.jpg - Status: 404 - Duration: 0ms
[2025-11-23T08:55:21.696Z] GET /api/uploads/shoes/pumps3-1.jpg - Status: 404 - Duration: 0ms
[2025-11-23T08:55:21.698Z] GET /api/uploads/shoes/classic-oxford-loafers-1.jpg - Status: 404 - Duration: 1ms
[2025-11-23T08:55:34.500Z] GET /api/uploads/shoes/derby1-1.jpg - Status: 404 - Duration: 1ms
[2025-11-23T08:55:34.502Z] GET /api/uploads/shoes/oxford1-1.jpg - Status: 404 - Duration: 0ms
[2025-11-23T08:55:34.504Z] GET /api/uploads/shoes/monk1-1.jpg - Status: 404 - Duration: 0ms
[2025-11-23T08:55:34.506Z] GET /api/uploads/shoes/heels1-1.jpg - Status: 404 - Duration: 1ms
[2025-11-23T08:55:34.513Z] GET /api/uploads/shoes/pumps1-1.jpg - Status: 404 - Duration: 1ms
[2025-11-23T08:55:34.515Z] GET /api/uploads/shoes/ballet1-1.jpg - Status: 404 - Duration: 0ms
[2025-11-23T08:55:34.517Z] GET /api/uploads/shoes/loafers2-1.jpg - Status: 404 - Duration: 1ms
[2025-11-23T08:55:34.518Z] GET /api/uploads/shoes/derby2-1.jpg - Status: 404 - Duration: 0ms
[2025-11-23T08:55:34.520Z] GET /api/uploads/shoes/oxford2-1.jpg - Status: 404 - Duration: 1ms
[2025-11-23T08:55:34.524Z] GET /api/uploads/shoes/monk2-1.jpg - Status: 404 - Duration: 0ms
[2025-11-23T08:55:34.526Z] GET /api/uploads/shoes/heels2-1.jpg - Status: 404 - Duration: 1ms
[2025-11-23T08:55:34.527Z] GET /api/uploads/shoes/pumps2-1.jpg - Status: 404 - Duration: 0ms
[2025-11-23T08:55:34.529Z] GET /api/uploads/shoes/ballet2-1.jpg - Status: 404 - Duration: 1ms
[2025-11-23T08:55:34.531Z] GET /api/uploads/shoes/loafers3-1.jpg - Status: 404 - Duration: 1ms
[2025-11-23T08:55:34.534Z] GET /api/uploads/shoes/derby3-1.jpg - Status: 404 - Duration: 1ms
[2025-11-23T08:55:34.535Z] GET /api/uploads/shoes/oxford3-1.jpg - Status: 404 - Duration: 0ms
[2025-11-23T08:55:34.537Z] GET /api/uploads/shoes/monk3-1.jpg - Status: 404 - Duration: 1ms
[2025-11-23T08:55:34.538Z] GET /api/uploads/shoes/heels3-1.jpg - Status: 404 - Duration: 0ms
[2025-11-23T08:55:34.540Z] GET /api/uploads/shoes/pumps3-1.jpg - Status: 404 - Duration: 1ms
[2025-11-23T08:55:34.542Z] GET /api/uploads/shoes/classic-oxford-loafers-1.jpg - Status: 404 - Duration: 1ms
[2025-11-23T08:55:34.618Z] GET /api/uploads/shoes/derby1-1.jpg - Status: 404 - Duration: 1ms
[2025-11-23T08:55:34.620Z] GET /api/uploads/shoes/oxford1-1.jpg - Status: 404 - Duration: 1ms
[2025-11-23T08:55:34.621Z] GET /api/uploads/shoes/monk1-1.jpg - Status: 404 - Duration: 0ms
[2025-11-23T08:55:34.623Z] GET /api/uploads/shoes/heels1-1.jpg - Status: 404 - Duration: 1ms
[2025-11-23T08:55:34.624Z] GET /api/uploads/shoes/pumps1-1.jpg - Status: 404 - Duration: 0ms
[2025-11-23T08:55:34.627Z] GET /api/uploads/shoes/ballet1-1.jpg - Status: 404 - Duration: 1ms
[2025-11-23T08:55:34.629Z] GET /api/uploads/shoes/loafers2-1.jpg - Status: 404 - Duration: 1ms
[2025-11-23T08:55:34.631Z] GET /api/uploads/shoes/derby2-1.jpg - Status: 404 - Duration: 1ms
[2025-11-23T08:55:34.633Z] GET /api/uploads/shoes/oxford2-1.jpg - Status: 404 - Duration: 1ms
[2025-11-23T08:55:34.635Z] GET /api/uploads/shoes/monk2-1.jpg - Status: 404 - Duration: 0ms
[2025-11-23T08:55:34.637Z] GET /api/uploads/shoes/heels2-1.jpg - Status: 404 - Duration: 1ms
[2025-11-23T08:55:34.641Z] GET /api/uploads/shoes/pumps2-1.jpg - Status: 404 - Duration: 1ms
[2025-11-23T08:55:34.642Z] GET /api/uploads/shoes/ballet2-1.jpg - Status: 404 - Duration: 0ms
[2025-11-23T08:55:34.644Z] GET /api/uploads/shoes/loafers3-1.jpg - Status: 404 - Duration: 1ms
[2025-11-23T08:55:34.646Z] GET /api/uploads/shoes/derby3-1.jpg - Status: 404 - Duration: 1ms
[2025-11-23T08:55:34.647Z] GET /api/uploads/shoes/oxford3-1.jpg - Status: 404 - Duration: 0ms
[2025-11-23T08:55:34.649Z] GET /api/uploads/shoes/monk3-1.jpg - Status: 404 - Duration: 1ms
[2025-11-23T08:55:34.651Z] GET /api/uploads/shoes/heels3-1.jpg - Status: 404 - Duration: 0ms
[2025-11-23T08:55:34.653Z] GET /api/uploads/shoes/pumps3-1.jpg - Status: 404 - Duration: 1ms
[2025-11-23T08:55:34.654Z] GET /api/uploads/shoes/classic-oxford-loafers-1.jpg - Status: 404 - Duration: 0ms
[2025-11-23T08:56:18.048Z] GET /api/uploads/shoes/derby1-1.jpg - Status: 404 - Duration: 1ms
[2025-11-23T08:56:18.049Z] GET /api/uploads/shoes/oxford1-1.jpg - Status: 404 - Duration: 0ms
[2025-11-23T08:56:18.051Z] GET /api/uploads/shoes/monk1-1.jpg - Status: 404 - Duration: 1ms
[2025-11-23T08:56:18.066Z] GET /api/uploads/shoes/derby1-1.jpg - Status: 404 - Duration: 1ms
[2025-11-23T08:56:18.068Z] GET /api/uploads/shoes/oxford1-1.jpg - Status: 404 - Duration: 1ms
[2025-11-23T08:56:18.069Z] GET /api/uploads/shoes/monk1-1.jpg - Status: 404 - Duration: 0ms
[2025-11-23T08:56:18.071Z] GET /api/uploads/shoes/heels1-1.jpg - Status: 404 - Duration: 1ms
[2025-11-23T08:56:18.074Z] GET /api/uploads/shoes/pumps1-1.jpg - Status: 404 - Duration: 1ms
[2025-11-23T08:56:18.075Z] GET /api/uploads/shoes/ballet1-1.jpg - Status: 404 - Duration: 0ms
[2025-11-23T08:56:18.077Z] GET /api/uploads/shoes/loafers2-1.jpg - Status: 404 - Duration: 1ms
[2025-11-23T08:56:18.080Z] GET /api/uploads/shoes/derby2-1.jpg - Status: 404 - Duration: 1ms
[2025-11-23T08:56:18.081Z] GET /api/uploads/shoes/oxford2-1.jpg - Status: 404 - Duration: 0ms
[2025-11-23T08:56:18.083Z] GET /api/uploads/shoes/monk2-1.jpg - Status: 404 - Duration: 1ms
[2025-11-23T08:56:18.084Z] GET /api/uploads/shoes/heels2-1.jpg - Status: 404 - Duration: 0ms
[2025-11-23T08:56:18.086Z] GET /api/uploads/shoes/pumps2-1.jpg - Status: 404 - Duration: 1ms
[2025-11-23T08:56:18.090Z] GET /api/uploads/shoes/ballet2-1.jpg - Status: 404 - Duration: 1ms
[2025-11-23T08:56:18.091Z] GET /api/uploads/shoes/loafers3-1.jpg - Status: 404 - Duration: 0ms
[2025-11-23T08:56:18.093Z] GET /api/uploads/shoes/derby3-1.jpg - Status: 404 - Duration: 1ms
[2025-11-23T08:56:18.094Z] GET /api/uploads/shoes/oxford3-1.jpg - Status: 404 - Duration: 1ms
[2025-11-23T08:56:18.096Z] GET /api/uploads/shoes/monk3-1.jpg - Status: 404 - Duration: 1ms
[2025-11-23T08:56:18.103Z] GET /api/uploads/shoes/heels3-1.jpg - Status: 404 - Duration: 1ms
[2025-11-23T08:56:18.105Z] GET /api/uploads/shoes/pumps3-1.jpg - Status: 404 - Duration: 0ms
[2025-11-23T08:56:18.107Z] GET /api/uploads/shoes/classic-oxford-loafers-1.jpg - Status: 404 - Duration: 0ms
[2025-11-23T08:56:18.160Z] GET /api/uploads/shoes/derby1-1.jpg - Status: 404 - Duration: 0ms
[2025-11-23T08:56:18.162Z] GET /api/uploads/shoes/oxford1-1.jpg - Status: 404 - Duration: 0ms
[2025-11-23T08:56:18.164Z] GET /api/uploads/shoes/monk1-1.jpg - Status: 404 - Duration: 1ms
[2025-11-23T08:56:18.165Z] GET /api/uploads/shoes/heels1-1.jpg - Status: 404 - Duration: 0ms
[2025-11-23T08:56:18.167Z] GET /api/uploads/shoes/pumps1-1.jpg - Status: 404 - Duration: 1ms
[2025-11-23T08:56:18.168Z] GET /api/uploads/shoes/ballet1-1.jpg - Status: 404 - Duration: 0ms
[2025-11-23T08:56:18.171Z] GET /api/uploads/shoes/loafers2-1.jpg - Status: 404 - Duration: 1ms
[2025-11-23T08:56:18.174Z] GET /api/uploads/shoes/derby2-1.jpg - Status: 404 - Duration: 1ms
[2025-11-23T08:56:18.176Z] GET /api/uploads/shoes/oxford2-1.jpg - Status: 404 - Duration: 0ms
[2025-11-23T08:56:18.179Z] GET /api/uploads/shoes/monk2-1.jpg - Status: 404 - Duration: 1ms
[2025-11-23T08:56:18.181Z] GET /api/uploads/shoes/heels2-1.jpg - Status: 404 - Duration: 1ms
[2025-11-23T08:56:18.182Z] GET /api/uploads/shoes/pumps2-1.jpg - Status: 404 - Duration: 0ms
[2025-11-23T08:56:18.184Z] GET /api/uploads/shoes/ballet2-1.jpg - Status: 404 - Duration: 1ms
[2025-11-23T08:56:18.188Z] GET /api/uploads/shoes/loafers3-1.jpg - Status: 404 - Duration: 1ms
[2025-11-23T08:56:18.190Z] GET /api/uploads/shoes/derby3-1.jpg - Status: 404 - Duration: 1ms
[2025-11-23T08:56:18.191Z] GET /api/uploads/shoes/oxford3-1.jpg - Status: 404 - Duration: 0ms
[2025-11-23T08:56:18.192Z] GET /api/uploads/shoes/monk3-1.jpg - Status: 404 - Duration: 0ms
[2025-11-23T08:56:18.194Z] GET /api/uploads/shoes/heels3-1.jpg - Status: 404 - Duration: 1ms
[2025-11-23T08:56:18.196Z] GET /api/uploads/shoes/pumps3-1.jpg - Status: 404 - Duration: 1ms
[2025-11-23T08:56:18.198Z] GET /api/uploads/shoes/classic-oxford-loafers-1.jpg - Status: 404 - Duration: 1ms
[2025-11-23T08:57:00.545Z] GET /favicon.ico - Status: 404 - Duration: 1ms
[2025-11-23T08:57:14.342Z] GET /api/uploads/shoes/derby1-1.jpg - Status: 404 - Duration: 0ms
[2025-11-23T08:57:14.345Z] GET /api/uploads/shoes/oxford1-1.jpg - Status: 404 - Duration: 1ms
[2025-11-23T08:57:14.347Z] GET /api/uploads/shoes/monk1-1.jpg - Status: 404 - Duration: 1ms
[2025-11-23T08:57:14.349Z] GET /api/uploads/shoes/heels1-1.jpg - Status: 404 - Duration: 1ms
[2025-11-23T08:57:14.365Z] GET /api/uploads/shoes/derby1-1.jpg - Status: 404 - Duration: 1ms
[2025-11-23T08:57:14.367Z] GET /api/uploads/shoes/oxford1-1.jpg - Status: 404 - Duration: 1ms
[2025-11-23T08:57:14.369Z] GET /api/uploads/shoes/monk1-1.jpg - Status: 404 - Duration: 1ms
[2025-11-23T08:57:14.371Z] GET /api/uploads/shoes/heels1-1.jpg - Status: 404 - Duration: 1ms
[2025-11-23T08:57:14.374Z] GET /api/uploads/shoes/pumps1-1.jpg - Status: 404 - Duration: 0ms
[2025-11-23T08:57:14.376Z] GET /api/uploads/shoes/ballet1-1.jpg - Status: 404 - Duration: 1ms
[2025-11-23T08:57:14.378Z] GET /api/uploads/shoes/loafers2-1.jpg - Status: 404 - Duration: 1ms
[2025-11-23T08:57:14.379Z] GET /api/uploads/shoes/derby2-1.jpg - Status: 404 - Duration: 0ms
[2025-11-23T08:57:14.381Z] GET /api/uploads/shoes/oxford2-1.jpg - Status: 404 - Duration: 1ms
[2025-11-23T08:57:14.384Z] GET /api/uploads/shoes/monk2-1.jpg - Status: 404 - Duration: 1ms
[2025-11-23T08:57:14.385Z] GET /api/uploads/shoes/heels2-1.jpg - Status: 404 - Duration: 1ms
[2025-11-23T08:57:14.386Z] GET /api/uploads/shoes/pumps2-1.jpg - Status: 404 - Duration: 0ms
[2025-11-23T08:57:14.388Z] GET /api/uploads/shoes/ballet2-1.jpg - Status: 404 - Duration: 1ms
[2025-11-23T08:57:14.390Z] GET /api/uploads/shoes/loafers3-1.jpg - Status: 404 - Duration: 1ms
[2025-11-23T08:57:14.397Z] GET /api/uploads/shoes/derby3-1.jpg - Status: 404 - Duration: 1ms
[2025-11-23T08:57:14.399Z] GET /api/uploads/shoes/oxford3-1.jpg - Status: 404 - Duration: 1ms
[2025-11-23T08:57:14.401Z] GET /api/uploads/shoes/monk3-1.jpg - Status: 404 - Duration: 1ms
[2025-11-23T08:57:14.402Z] GET /api/uploads/shoes/heels3-1.jpg - Status: 404 - Duration: 0ms
[2025-11-23T08:57:14.404Z] GET /api/uploads/shoes/pumps3-1.jpg - Status: 404 - Duration: 0ms
[2025-11-23T08:57:14.406Z] GET /api/uploads/shoes/classic-oxford-loafers-1.jpg - Status: 404 - Duration: 0ms
[2025-11-23T08:57:14.455Z] GET /api/uploads/shoes/derby1-1.jpg - Status: 404 - Duration: 1ms
[2025-11-23T08:57:14.457Z] GET /api/uploads/shoes/oxford1-1.jpg - Status: 404 - Duration: 0ms
[2025-11-23T08:57:14.460Z] GET /api/uploads/shoes/monk1-1.jpg - Status: 404 - Duration: 1ms
[2025-11-23T08:57:14.463Z] GET /api/uploads/shoes/heels1-1.jpg - Status: 404 - Duration: 2ms
[2025-11-23T08:57:14.465Z] GET /api/uploads/shoes/pumps1-1.jpg - Status: 404 - Duration: 1ms
[2025-11-23T08:57:14.467Z] GET /api/uploads/shoes/ballet1-1.jpg - Status: 404 - Duration: 1ms
[2025-11-23T08:57:14.470Z] GET /api/uploads/shoes/loafers2-1.jpg - Status: 404 - Duration: 1ms
[2025-11-23T08:57:14.472Z] GET /api/uploads/shoes/derby2-1.jpg - Status: 404 - Duration: 1ms
[2025-11-23T08:57:14.474Z] GET /api/uploads/shoes/oxford2-1.jpg - Status: 404 - Duration: 1ms
[2025-11-23T08:57:14.478Z] GET /api/uploads/shoes/monk2-1.jpg - Status: 404 - Duration: 1ms
[2025-11-23T08:57:14.481Z] GET /api/uploads/shoes/heels2-1.jpg - Status: 404 - Duration: 1ms
[2025-11-23T08:57:14.484Z] GET /api/uploads/shoes/pumps2-1.jpg - Status: 404 - Duration: 2ms
[2025-11-23T08:57:14.486Z] GET /api/uploads/shoes/ballet2-1.jpg - Status: 404 - Duration: 1ms
[2025-11-23T08:57:14.488Z] GET /api/uploads/shoes/loafers3-1.jpg - Status: 404 - Duration: 1ms
[2025-11-23T08:57:14.491Z] GET /api/uploads/shoes/derby3-1.jpg - Status: 404 - Duration: 1ms
[2025-11-23T08:57:14.494Z] GET /api/uploads/shoes/oxford3-1.jpg - Status: 404 - Duration: 0ms
[2025-11-23T08:57:14.496Z] GET /api/uploads/shoes/monk3-1.jpg - Status: 404 - Duration: 0ms
[2025-11-23T08:57:14.498Z] GET /api/uploads/shoes/heels3-1.jpg - Status: 404 - Duration: 0ms
[2025-11-23T08:57:14.500Z] GET /api/uploads/shoes/pumps3-1.jpg - Status: 404 - Duration: 1ms
[2025-11-23T08:57:14.501Z] GET /api/uploads/shoes/classic-oxford-loafers-1.jpg - Status: 404 - Duration: 1ms
[2025-11-23T08:57:16.294Z] GET /uploads/shoes/classic-oxford-loafers-1.jpg - Status: 404 - Duration: 2ms
[2025-11-23T08:58:30.095Z] GET /.well-known/appspecific/com.chrome.devtools.json - Status: 404 - Duration: 0ms
[2025-11-23T09:02:42.817Z] GET /uploads/shoes/classic-oxford-loafers-1.jpg - Status: 404 - Duration: 3ms
[2025-11-23T09:09:32.049Z] GET /orders - Status: 404 - Duration: 3ms
[2025-11-23T09:09:32.057Z] GET /orders - Status: 404 - Duration: 0ms
[2025-11-23T09:09:32.060Z] GET /cart - Status: 404 - Duration: 1ms
[2025-11-23T09:09:32.062Z] GET /products - Status: 404 - Duration: 1ms
[2025-11-23T09:09:32.067Z] GET /cart - Status: 404 - Duration: 1ms
[2025-11-23T09:09:32.069Z] GET /products - Status: 404 - Duration: 1ms
[2025-11-23T09:09:32.274Z] GET /products?sortBy=rating&limit=3 - Status: 404 - Duration: 1ms
[2025-11-23T09:09:32.275Z] GET /products?sortBy=rating&limit=3 - Status: 404 - Duration: 0ms
[2025-11-23T09:09:32.277Z] GET /reviews/recent?limit=3 - Status: 404 - Duration: 1ms
[2025-11-23T09:09:32.279Z] GET /reviews/recent?limit=3 - Status: 404 - Duration: 0ms
[2025-11-23T09:09:49.624Z] GET /uploads/shoes/classic-oxford-loafers-1.jpg - Status: 404 - Duration: 3ms
[2025-11-23T09:09:53.337Z] GET /uploads/shoes/classic-oxford-loafers-1.jpg - Status: 404 - Duration: 3ms
[2025-11-23T09:09:55.525Z] GET /uploads/shoes/classic-oxford-loafers-1.jpg - Status: 404 - Duration: 2ms
[2025-11-23T09:10:02.344Z] GET /reviews/product/692279855bc8d2cb663e25d0 - Status: 404 - Duration: 0ms
[2025-11-23T09:10:02.346Z] GET /reviews/product/692279855bc8d2cb663e25d0 - Status: 404 - Duration: 1ms
[2025-11-23T09:10:06.600Z] GET /orders - Status: 404 - Duration: 0ms
[2025-11-23T09:10:06.602Z] GET /cart - Status: 404 - Duration: 1ms
[2025-11-23T09:10:06.603Z] GET /orders - Status: 404 - Duration: 0ms
[2025-11-23T09:10:06.604Z] GET /cart - Status: 404 - Duration: 0ms
[2025-11-23T09:10:06.605Z] GET /products - Status: 404 - Duration: 0ms
[2025-11-23T09:10:06.607Z] GET /products - Status: 404 - Duration: 1ms
[2025-11-23T09:10:06.877Z] GET /reviews/product/692279855bc8d2cb663e25d0 - Status: 404 - Duration: 0ms
[2025-11-23T09:10:06.879Z] GET /reviews/product/692279855bc8d2cb663e25d0 - Status: 404 - Duration: 0ms
[2025-11-23T09:10:27.875Z] GET /orders - Status: 404 - Duration: 1ms
[2025-11-23T09:10:27.877Z] GET /orders - Status: 404 - Duration: 1ms
[2025-11-23T09:10:27.879Z] GET /cart - Status: 404 - Duration: 1ms
[2025-11-23T09:10:27.880Z] GET /products - Status: 404 - Duration: 0ms
[2025-11-23T09:10:27.881Z] GET /cart - Status: 404 - Duration: 0ms
[2025-11-23T09:10:27.883Z] GET /products - Status: 404 - Duration: 1ms
[2025-11-23T09:10:28.162Z] GET /reviews/product/692279855bc8d2cb663e25d0 - Status: 404 - Duration: 1ms
[2025-11-23T09:10:28.163Z] GET /reviews/product/692279855bc8d2cb663e25d0 - Status: 404 - Duration: 0ms
[2025-11-23T09:10:28.900Z] GET /products?sortBy=rating&limit=3 - Status: 404 - Duration: 1ms
[2025-11-23T09:10:28.902Z] GET /reviews/recent?limit=3 - Status: 404 - Duration: 1ms
[2025-11-23T09:10:28.904Z] GET /products?sortBy=rating&limit=3 - Status: 404 - Duration: 1ms
[2025-11-23T09:10:28.906Z] GET /reviews/recent?limit=3 - Status: 404 - Duration: 1ms
[2025-11-23T09:10:30.995Z] GET /orders - Status: 404 - Duration: 0ms
[2025-11-23T09:10:30.997Z] GET /orders - Status: 404 - Duration: 0ms
[2025-11-23T09:10:30.999Z] GET /cart - Status: 404 - Duration: 1ms
[2025-11-23T09:10:31.000Z] GET /products - Status: 404 - Duration: 1ms
[2025-11-23T09:10:31.001Z] GET /cart - Status: 404 - Duration: 0ms
[2025-11-23T09:10:31.003Z] GET /products - Status: 404 - Duration: 1ms
[2025-11-23T09:10:31.283Z] GET /products?sortBy=rating&limit=3 - Status: 404 - Duration: 1ms
[2025-11-23T09:10:31.284Z] GET /products?sortBy=rating&limit=3 - Status: 404 - Duration: 0ms
[2025-11-23T09:10:31.286Z] GET /reviews/recent?limit=3 - Status: 404 - Duration: 1ms
[2025-11-23T09:10:31.287Z] GET /reviews/recent?limit=3 - Status: 404 - Duration: 0ms
[2025-11-23T09:10:56.854Z] GET /orders - Status: 404 - Duration: 3ms
[2025-11-23T09:10:56.862Z] GET /cart - Status: 404 - Duration: 1ms
[2025-11-23T09:10:56.864Z] GET /products - Status: 404 - Duration: 1ms
[2025-11-23T09:10:56.866Z] GET /orders - Status: 404 - Duration: 0ms
[2025-11-23T09:10:56.868Z] GET /cart - Status: 404 - Duration: 0ms
[2025-11-23T09:10:56.871Z] GET /products - Status: 404 - Duration: 1ms
[2025-11-23T09:10:57.126Z] GET /products?sortBy=rating&limit=3 - Status: 404 - Duration: 0ms
[2025-11-23T09:10:57.128Z] GET /reviews/recent?limit=3 - Status: 404 - Duration: 0ms
[2025-11-23T09:10:57.130Z] GET /products?sortBy=rating&limit=3 - Status: 404 - Duration: 1ms
[2025-11-23T09:10:57.132Z] GET /reviews/recent?limit=3 - Status: 404 - Duration: 1ms
[2025-11-23T09:11:31.070Z] GET /orders - Status: 404 - Duration: 0ms
[2025-11-23T09:11:31.072Z] GET /orders - Status: 404 - Duration: 1ms
[2025-11-23T09:11:31.074Z] GET /cart - Status: 404 - Duration: 1ms
[2025-11-23T09:11:31.075Z] GET /products - Status: 404 - Duration: 0ms
[2025-11-23T09:11:31.077Z] GET /cart - Status: 404 - Duration: 1ms
[2025-11-23T09:11:31.078Z] GET /products - Status: 404 - Duration: 0ms
[2025-11-23T09:11:31.360Z] GET /products?sortBy=rating&limit=3 - Status: 404 - Duration: 0ms
[2025-11-23T09:11:31.361Z] GET /products?sortBy=rating&limit=3 - Status: 404 - Duration: 0ms
[2025-11-23T09:11:31.363Z] GET /reviews/recent?limit=3 - Status: 404 - Duration: 1ms
[2025-11-23T09:11:31.364Z] GET /reviews/recent?limit=3 - Status: 404 - Duration: 1ms
[2025-11-23T09:13:59.104Z] GET /orders - Status: 404 - Duration: 0ms
[2025-11-23T09:13:59.106Z] GET /orders - Status: 404 - Duration: 1ms
[2025-11-23T09:13:59.107Z] GET /cart - Status: 404 - Duration: 0ms
[2025-11-23T09:13:59.108Z] GET /products - Status: 404 - Duration: 0ms
[2025-11-23T09:13:59.110Z] GET /cart - Status: 404 - Duration: 0ms
[2025-11-23T09:13:59.112Z] GET /products - Status: 404 - Duration: 1ms
[2025-11-23T09:13:59.387Z] GET /products?sortBy=rating&limit=3 - Status: 404 - Duration: 0ms
[2025-11-23T09:13:59.389Z] GET /products?sortBy=rating&limit=3 - Status: 404 - Duration: 1ms
[2025-11-23T09:13:59.390Z] GET /reviews/recent?limit=3 - Status: 404 - Duration: 1ms
[2025-11-23T09:13:59.392Z] GET /reviews/recent?limit=3 - Status: 404 - Duration: 1ms
[2025-11-23T09:14:53.654Z] GET /uploads/shoes/classic-oxford-loafers-1.jpg - Status: 404 - Duration: 3ms
[2025-11-23T09:15:07.254Z] GET /uploads/shoes/classic-oxford-loafers-1.jpg - Status: 404 - Duration: 1ms
[2025-11-23T09:17:40.938Z] GET /uploads/shoes/classic-oxford-loafers-1.jpg - Status: 404 - Duration: 2ms
[2025-11-23T09:19:24.102Z] GET /uploads/shoes/classic-oxford-loafers-1.jpg - Status: 404 - Duration: 2ms
[2025-11-23T09:19:39.936Z] GET /uploads/shoes/classic-oxford-loafers-1.jpg - Status: 404 - Duration: 2ms
[2025-11-23T09:19:47.706Z] GET /uploads/shoes/classic-oxford-loafers-1.jpg - Status: 404 - Duration: 1ms
[2025-11-23T09:19:50.152Z] GET /uploads/shoes/classic-oxford-loafers-1.jpg - Status: 404 - Duration: 1ms
[2025-11-23T09:19:50.154Z] GET /uploads/shoes/classic-oxford-loafers-2.jpg - Status: 404 - Duration: 2ms
[2025-11-23T09:19:55.789Z] GET /uploads/shoes/classic-oxford-loafers-2.jpg - Status: 404 - Duration: 1ms
[2025-11-23T09:19:56.470Z] GET /uploads/shoes/classic-oxford-loafers-1.jpg - Status: 404 - Duration: 1ms
[2025-11-23T09:19:57.086Z] GET /uploads/shoes/classic-oxford-loafers-2.jpg - Status: 404 - Duration: 1ms
[2025-11-23T09:19:57.750Z] GET /uploads/shoes/classic-oxford-loafers-1.jpg - Status: 404 - Duration: 1ms
[2025-11-23T09:21:12.473Z] GET /uploads/shoes/classic-oxford-loafers-1.jpg - Status: 404 - Duration: 1ms
[2025-11-23T09:21:12.474Z] GET /uploads/shoes/classic-oxford-loafers-2.jpg - Status: 404 - Duration: 2ms
[2025-11-23T09:26:06.549Z] GET /api/uploads/shoes/derby1-1.jpg - Status: 404 - Duration: 0ms
[2025-11-23T09:26:06.551Z] GET /api/uploads/shoes/oxford1-1.jpg - Status: 404 - Duration: 0ms
[2025-11-23T09:26:06.553Z] GET /api/uploads/shoes/monk1-1.jpg - Status: 404 - Duration: 1ms
[2025-11-23T09:26:06.556Z] GET /api/uploads/shoes/heels1-1.jpg - Status: 404 - Duration: 1ms
[2025-11-23T09:26:06.557Z] GET /api/uploads/shoes/pumps1-1.jpg - Status: 404 - Duration: 0ms
[2025-11-23T09:26:06.560Z] GET /api/uploads/shoes/ballet1-1.jpg - Status: 404 - Duration: 1ms
[2025-11-23T09:26:06.562Z] GET /api/uploads/shoes/loafers2-1.jpg - Status: 404 - Duration: 1ms
[2025-11-23T09:26:06.563Z] GET /api/uploads/shoes/derby2-1.jpg - Status: 404 - Duration: 1ms
[2025-11-23T09:26:06.565Z] GET /api/uploads/shoes/oxford2-1.jpg - Status: 404 - Duration: 1ms
[2025-11-23T09:26:06.566Z] GET /api/uploads/shoes/monk2-1.jpg - Status: 404 - Duration: 0ms
[2025-11-23T09:26:06.570Z] GET /api/uploads/shoes/heels2-1.jpg - Status: 404 - Duration: 1ms
[2025-11-23T09:26:06.572Z] GET /api/uploads/shoes/pumps2-1.jpg - Status: 404 - Duration: 1ms
[2025-11-23T09:26:06.573Z] GET /api/uploads/shoes/derby1-1.jpg - Status: 404 - Duration: 0ms
[2025-11-23T09:26:06.576Z] GET /api/uploads/shoes/ballet2-1.jpg - Status: 404 - Duration: 1ms
[2025-11-23T09:26:06.578Z] GET /api/uploads/shoes/loafers3-1.jpg - Status: 404 - Duration: 1ms
[2025-11-23T09:26:06.579Z] GET /api/uploads/shoes/derby3-1.jpg - Status: 404 - Duration: 0ms
[2025-11-23T09:26:06.583Z] GET /api/uploads/shoes/oxford3-1.jpg - Status: 404 - Duration: 1ms
[2025-11-23T09:26:06.584Z] GET /api/uploads/shoes/monk3-1.jpg - Status: 404 - Duration: 0ms
[2025-11-23T09:26:06.586Z] GET /api/uploads/shoes/heels3-1.jpg - Status: 404 - Duration: 1ms
[2025-11-23T09:26:06.587Z] GET /api/uploads/shoes/pumps3-1.jpg - Status: 404 - Duration: 0ms
[2025-11-23T09:26:06.588Z] GET /api/uploads/shoes/loafers1-1.jpg - Status: 404 - Duration: 0ms
[2025-11-23T09:26:09.120Z] GET /api/uploads/shoes/derby1-1.jpg - Status: 404 - Duration: 1ms
[2025-11-23T09:26:09.121Z] GET /api/uploads/shoes/oxford1-1.jpg - Status: 404 - Duration: 0ms
[2025-11-23T09:26:09.123Z] GET /api/uploads/shoes/monk1-1.jpg - Status: 404 - Duration: 1ms
[2025-11-23T09:26:09.125Z] GET /api/uploads/shoes/heels1-1.jpg - Status: 404 - Duration: 1ms
[2025-11-23T09:26:09.127Z] GET /api/uploads/shoes/pumps1-1.jpg - Status: 404 - Duration: 0ms
[2025-11-23T09:26:09.129Z] GET /api/uploads/shoes/ballet1-1.jpg - Status: 404 - Duration: 1ms
[2025-11-23T09:26:09.131Z] GET /api/uploads/shoes/loafers2-1.jpg - Status: 404 - Duration: 1ms
[2025-11-23T09:26:09.133Z] GET /api/uploads/shoes/derby2-1.jpg - Status: 404 - Duration: 1ms
[2025-11-23T09:26:09.136Z] GET /api/uploads/shoes/oxford2-1.jpg - Status: 404 - Duration: 1ms
[2025-11-23T09:26:09.137Z] GET /api/uploads/shoes/monk2-1.jpg - Status: 404 - Duration: 0ms
[2025-11-23T09:26:09.139Z] GET /api/uploads/shoes/heels2-1.jpg - Status: 404 - Duration: 1ms
[2025-11-23T09:26:09.140Z] GET /api/uploads/shoes/pumps2-1.jpg - Status: 404 - Duration: 0ms
[2025-11-23T09:26:09.142Z] GET /api/uploads/shoes/ballet2-1.jpg - Status: 404 - Duration: 1ms
[2025-11-23T09:26:09.145Z] GET /api/uploads/shoes/loafers3-1.jpg - Status: 404 - Duration: 1ms
[2025-11-23T09:26:09.146Z] GET /api/uploads/shoes/derby3-1.jpg - Status: 404 - Duration: 0ms
[2025-11-23T09:26:09.148Z] GET /api/uploads/shoes/oxford3-1.jpg - Status: 404 - Duration: 1ms
[2025-11-23T09:26:09.149Z] GET /api/uploads/shoes/monk3-1.jpg - Status: 404 - Duration: 0ms
[2025-11-23T09:26:09.151Z] GET /api/uploads/shoes/heels3-1.jpg - Status: 404 - Duration: 1ms
[2025-11-23T09:26:09.154Z] GET /api/uploads/shoes/pumps3-1.jpg - Status: 404 - Duration: 1ms
[2025-11-23T09:26:09.155Z] GET /api/uploads/shoes/loafers1-1.jpg - Status: 404 - Duration: 0ms
[2025-11-23T09:26:09.301Z] GET /api/uploads/shoes/derby1-1.jpg - Status: 404 - Duration: 0ms
[2025-11-23T09:26:09.303Z] GET /api/uploads/shoes/oxford1-1.jpg - Status: 404 - Duration: 1ms
[2025-11-23T09:26:09.305Z] GET /api/uploads/shoes/monk1-1.jpg - Status: 404 - Duration: 1ms
[2025-11-23T09:26:09.306Z] GET /api/uploads/shoes/heels1-1.jpg - Status: 404 - Duration: 0ms
[2025-11-23T09:26:09.309Z] GET /api/uploads/shoes/pumps1-1.jpg - Status: 404 - Duration: 1ms
[2025-11-23T09:26:09.311Z] GET /api/uploads/shoes/ballet1-1.jpg - Status: 404 - Duration: 1ms
[2025-11-23T09:26:09.313Z] GET /api/uploads/shoes/loafers2-1.jpg - Status: 404 - Duration: 1ms
[2025-11-23T09:26:09.314Z] GET /api/uploads/shoes/derby2-1.jpg - Status: 404 - Duration: 0ms
[2025-11-23T09:26:09.318Z] GET /api/uploads/shoes/oxford2-1.jpg - Status: 404 - Duration: 1ms
[2025-11-23T09:26:09.321Z] GET /api/uploads/shoes/monk2-1.jpg - Status: 404 - Duration: 1ms
[2025-11-23T09:26:09.323Z] GET /api/uploads/shoes/heels2-1.jpg - Status: 404 - Duration: 0ms
[2025-11-23T09:26:09.325Z] GET /api/uploads/shoes/pumps2-1.jpg - Status: 404 - Duration: 1ms
[2025-11-23T09:26:09.326Z] GET /api/uploads/shoes/ballet2-1.jpg - Status: 404 - Duration: 0ms
[2025-11-23T09:26:09.328Z] GET /api/uploads/shoes/loafers3-1.jpg - Status: 404 - Duration: 1ms
[2025-11-23T09:26:09.331Z] GET /api/uploads/shoes/derby3-1.jpg - Status: 404 - Duration: 1ms
[2025-11-23T09:26:09.332Z] GET /api/uploads/shoes/oxford3-1.jpg - Status: 404 - Duration: 0ms
[2025-11-23T09:26:09.334Z] GET /api/uploads/shoes/monk3-1.jpg - Status: 404 - Duration: 1ms
[2025-11-23T09:26:09.336Z] GET /api/uploads/shoes/heels3-1.jpg - Status: 404 - Duration: 1ms
[2025-11-23T09:26:09.338Z] GET /api/uploads/shoes/pumps3-1.jpg - Status: 404 - Duration: 1ms
[2025-11-23T09:26:09.339Z] GET /api/uploads/shoes/loafers1-1.jpg - Status: 404 - Duration: 1ms
[2025-11-23T09:26:16.448Z] GET /api/uploads/shoes/derby1-1.jpg - Status: 404 - Duration: 1ms
[2025-11-23T09:26:16.451Z] GET /api/uploads/shoes/oxford1-1.jpg - Status: 404 - Duration: 1ms
[2025-11-23T09:26:16.453Z] GET /api/uploads/shoes/monk1-1.jpg - Status: 404 - Duration: 1ms
[2025-11-23T09:26:16.454Z] GET /api/uploads/shoes/heels1-1.jpg - Status: 404 - Duration: 0ms
[2025-11-23T09:26:16.456Z] GET /api/uploads/shoes/pumps1-1.jpg - Status: 404 - Duration: 0ms
[2025-11-23T09:26:16.459Z] GET /api/uploads/shoes/ballet1-1.jpg - Status: 404 - Duration: 0ms
[2025-11-23T09:26:16.460Z] GET /api/uploads/shoes/loafers2-1.jpg - Status: 404 - Duration: 0ms
[2025-11-23T09:26:16.462Z] GET /api/uploads/shoes/derby2-1.jpg - Status: 404 - Duration: 1ms
[2025-11-23T09:26:16.464Z] GET /api/uploads/shoes/oxford2-1.jpg - Status: 404 - Duration: 1ms
[2025-11-23T09:26:16.466Z] GET /api/uploads/shoes/monk2-1.jpg - Status: 404 - Duration: 0ms
[2025-11-23T09:26:16.468Z] GET /api/uploads/shoes/heels2-1.jpg - Status: 404 - Duration: 1ms
[2025-11-23T09:26:16.473Z] GET /api/uploads/shoes/pumps2-1.jpg - Status: 404 - Duration: 1ms
[2025-11-23T09:26:16.475Z] GET /api/uploads/shoes/ballet2-1.jpg - Status: 404 - Duration: 1ms
[2025-11-23T09:26:16.476Z] GET /api/uploads/shoes/loafers3-1.jpg - Status: 404 - Duration: 0ms
[2025-11-23T09:26:16.478Z] GET /api/uploads/shoes/derby3-1.jpg - Status: 404 - Duration: 1ms
[2025-11-23T09:26:16.479Z] GET /api/uploads/shoes/derby1-1.jpg - Status: 404 - Duration: 1ms
[2025-11-23T09:26:16.480Z] GET /api/uploads/shoes/oxford3-1.jpg - Status: 404 - Duration: 0ms
[2025-11-23T09:26:16.483Z] GET /api/uploads/shoes/monk3-1.jpg - Status: 404 - Duration: 1ms
[2025-11-23T09:26:16.485Z] GET /api/uploads/shoes/heels3-1.jpg - Status: 404 - Duration: 1ms
[2025-11-23T09:26:16.486Z] GET /api/uploads/shoes/pumps3-1.jpg - Status: 404 - Duration: 0ms
[2025-11-23T09:26:16.487Z] GET /api/uploads/shoes/loafers1-1.jpg - Status: 404 - Duration: 0ms
[2025-11-23T09:28:11.943Z] GET /api/uploads/shoes/oxford1-1.jpg - Status: 404 - Duration: 0ms
[2025-11-23T09:28:11.945Z] GET /api/uploads/shoes/oxford2-1.jpg - Status: 404 - Duration: 0ms
[2025-11-23T09:28:11.947Z] GET /api/uploads/shoes/oxford3-1.jpg - Status: 404 - Duration: 1ms
[2025-11-23T09:28:11.950Z] GET /api/uploads/shoes/ballet1-1.jpg - Status: 404 - Duration: 1ms
[2025-11-23T09:28:11.951Z] GET /api/uploads/shoes/ballet2-1.jpg - Status: 404 - Duration: 0ms
[2025-11-23T09:28:24.218Z] GET /api/uploads/shoes/oxford1-1.jpg - Status: 404 - Duration: 1ms
[2025-11-23T09:28:24.220Z] GET /api/uploads/shoes/oxford2-1.jpg - Status: 404 - Duration: 1ms
[2025-11-23T09:28:24.221Z] GET /api/uploads/shoes/oxford3-1.jpg - Status: 404 - Duration: 0ms
[2025-11-23T09:28:24.223Z] GET /api/uploads/shoes/ballet1-1.jpg - Status: 404 - Duration: 1ms
[2025-11-23T09:28:24.224Z] GET /api/uploads/shoes/ballet2-1.jpg - Status: 404 - Duration: 0ms
[2025-11-23T09:41:01.216Z] GET /api/uploads/shoes/derby1-1.jpg - Status: 404 - Duration: 0ms
[2025-11-23T09:41:01.218Z] GET /api/uploads/shoes/oxford1-1.jpg - Status: 404 - Duration: 0ms
[2025-11-23T09:41:01.220Z] GET /api/uploads/shoes/monk1-1.jpg - Status: 404 - Duration: 1ms
[2025-11-23T09:41:01.222Z] GET /api/uploads/shoes/heels1-1.jpg - Status: 404 - Duration: 0ms
[2025-11-23T09:41:01.225Z] GET /api/uploads/shoes/pumps1-1.jpg - Status: 404 - Duration: 2ms
[2025-11-23T09:41:01.226Z] GET /api/uploads/shoes/ballet1-1.jpg - Status: 404 - Duration: 0ms
[2025-11-23T09:41:01.230Z] GET /api/uploads/shoes/loafers2-1.jpg - Status: 404 - Duration: 1ms
[2025-11-23T09:41:01.232Z] GET /api/uploads/shoes/derby2-1.jpg - Status: 404 - Duration: 1ms
[2025-11-23T09:41:01.234Z] GET /api/uploads/shoes/oxford2-1.jpg - Status: 404 - Duration: 1ms
[2025-11-23T09:41:01.236Z] GET /api/uploads/shoes/monk2-1.jpg - Status: 404 - Duration: 1ms
[2025-11-23T09:41:01.237Z] GET /api/uploads/shoes/heels2-1.jpg - Status: 404 - Duration: 0ms
[2025-11-23T09:41:01.239Z] GET /api/uploads/shoes/pumps2-1.jpg - Status: 404 - Duration: 1ms
[2025-11-23T09:41:01.244Z] GET /api/uploads/shoes/ballet2-1.jpg - Status: 404 - Duration: 1ms
[2025-11-23T09:41:01.246Z] GET /api/uploads/shoes/loafers3-1.jpg - Status: 404 - Duration: 1ms
[2025-11-23T09:41:01.249Z] GET /api/uploads/shoes/derby1-1.jpg - Status: 404 - Duration: 1ms
[2025-11-23T09:41:01.251Z] GET /api/uploads/shoes/derby3-1.jpg - Status: 404 - Duration: 1ms
[2025-11-23T09:41:01.252Z] GET /api/uploads/shoes/oxford3-1.jpg - Status: 404 - Duration: 0ms
[2025-11-23T09:41:01.254Z] GET /api/uploads/shoes/monk3-1.jpg - Status: 404 - Duration: 1ms
[2025-11-23T09:41:01.257Z] GET /api/uploads/shoes/heels3-1.jpg - Status: 404 - Duration: 0ms
[2025-11-23T09:41:01.259Z] GET /api/uploads/shoes/pumps3-1.jpg - Status: 404 - Duration: 0ms
[2025-11-23T09:41:01.260Z] GET /api/uploads/shoes/loafers1-1.jpg - Status: 404 - Duration: 0ms
[2025-11-23T09:41:01.262Z] GET /api/uploads/shoes/oxford1-1.jpg - Status: 404 - Duration: 1ms
[2025-11-23T09:41:01.263Z] GET /api/uploads/shoes/monk1-1.jpg - Status: 404 - Duration: 0ms
[2025-11-23T09:41:01.265Z] GET /api/uploads/shoes/heels1-1.jpg - Status: 404 - Duration: 0ms
[2025-11-23T10:53:20.601Z] POST /api/cart - Status: 404 - Duration: 60ms
[2025-11-23T11:51:40.205Z] POST /api/users/login - Status: 401 - Duration: 323ms
[2025-11-23T11:51:49.936Z] POST /api/users/login - Status: 401 - Duration: 252ms
[2025-11-23T11:52:32.928Z] POST /api/users/login - Status: 401 - Duration: 263ms
[2025-11-23T11:52:38.504Z] POST /api/users/login - Status: 401 - Duration: 34ms
[2025-11-23T11:52:39.682Z] POST /api/users/login - Status: 401 - Duration: 33ms
[2025-11-23T11:53:42.459Z] POST /api/users/login - Status: 401 - Duration: 280ms
[2025-11-23T12:55:10.448Z] POST /api/users/login - Status: 401 - Duration: 316ms
[2025-11-23T12:56:52.806Z] POST /api/users/login - Status: 401 - Duration: 289ms
[2025-11-23T12:56:53.925Z] POST /api/users/login - Status: 401 - Duration: 301ms
[2025-11-23T12:57:03.722Z] POST /api/users/login - Status: 401 - Duration: 304ms
[2025-11-23T13:00:58.660Z] POST /api/users/login - Status: 401 - Duration: 286ms
